<?xml version="1.0" encoding="UTF-8"?>
<testsuite name="ru.stqa.pft.idsys.tests.DeleteDocTest" tests="1" skipped="0" failures="0" errors="0" timestamp="2023-01-16T11:11:34" hostname="SKLN" time="5.57">
  <properties/>
  <testcase name="testDeleteDoc" classname="ru.stqa.pft.idsys.tests.DeleteDocTest" time="5.57"/>
  <system-out><![CDATA[]]></system-out>
  <system-err><![CDATA[]]></system-err>
</testsuite>
