<?xml version="1.0" encoding="UTF-8"?>
<testsuite name="ru.stqa.pft.idsys.tests.DeleteDocTest" tests="1" skipped="0" failures="0" errors="0" timestamp="2023-01-13T14:50:51" hostname="SKLN" time="5.423">
  <properties/>
  <testcase name="testDeleteDoc" classname="ru.stqa.pft.idsys.tests.DeleteDocTest" time="5.423"/>
  <system-out><![CDATA[]]></system-out>
  <system-err><![CDATA[]]></system-err>
</testsuite>
