<?xml version="1.0" encoding="UTF-8"?>
<testsuite name="ru.stqa.pft.idsys.tests.CreationDocTest" tests="1" skipped="0" failures="0" errors="0" timestamp="2022-12-26T13:34:41" hostname="SKLN" time="2.7">
  <properties/>
  <testcase name="testDocCreation" classname="ru.stqa.pft.idsys.tests.CreationDocTest" time="2.7"/>
  <system-out><![CDATA[16:34:33.204 [Test worker] DEBUG io.netty.util.internal.logging.InternalLoggerFactory - Using SLF4J as the default logging framework
16:34:33.209 [Test worker] DEBUG io.netty.util.ResourceLeakDetector - -Dio.netty.leakDetection.level: simple
16:34:33.210 [Test worker] DEBUG io.netty.util.ResourceLeakDetector - -Dio.netty.leakDetection.targetRecords: 4
16:34:33.215 [Test worker] DEBUG io.netty.util.ResourceLeakDetectorFactory - Loaded default ResourceLeakDetector: io.netty.util.ResourceLeakDetector@6340e5f0
16:34:33.237 [Test worker] DEBUG io.netty.util.internal.PlatformDependent0 - -Dio.netty.noUnsafe: false
16:34:33.238 [Test worker] DEBUG io.netty.util.internal.PlatformDependent0 - Java version: 8
16:34:33.240 [Test worker] DEBUG io.netty.util.internal.PlatformDependent0 - sun.misc.Unsafe.theUnsafe: available
16:34:33.241 [Test worker] DEBUG io.netty.util.internal.PlatformDependent0 - sun.misc.Unsafe.copyMemory: available
16:34:33.242 [Test worker] DEBUG io.netty.util.internal.PlatformDependent0 - java.nio.Buffer.address: available
16:34:33.242 [Test worker] DEBUG io.netty.util.internal.PlatformDependent0 - direct buffer constructor: available
16:34:33.243 [Test worker] DEBUG io.netty.util.internal.PlatformDependent0 - java.nio.Bits.unaligned: available, true
16:34:33.244 [Test worker] DEBUG io.netty.util.internal.PlatformDependent0 - jdk.internal.misc.Unsafe.allocateUninitializedArray(int): unavailable prior to Java9
16:34:33.245 [Test worker] DEBUG io.netty.util.internal.PlatformDependent0 - java.nio.DirectByteBuffer.<init>(long, int): available
16:34:33.245 [Test worker] DEBUG io.netty.util.internal.PlatformDependent - sun.misc.Unsafe: available
16:34:33.250 [Test worker] DEBUG io.netty.util.internal.PlatformDependent - -Dio.netty.tmpdir: C:\Users\SKLN\AppData\Local\Temp (java.io.tmpdir)
16:34:33.250 [Test worker] DEBUG io.netty.util.internal.PlatformDependent - -Dio.netty.bitMode: 64 (sun.arch.data.model)
16:34:33.252 [Test worker] DEBUG io.netty.util.internal.PlatformDependent - Platform: Windows
16:34:33.253 [Test worker] DEBUG io.netty.util.internal.PlatformDependent - -Dio.netty.maxDirectMemory: 477626368 bytes
16:34:33.253 [Test worker] DEBUG io.netty.util.internal.PlatformDependent - -Dio.netty.uninitializedArrayAllocationThreshold: -1
16:34:33.255 [Test worker] DEBUG io.netty.util.internal.CleanerJava6 - java.nio.ByteBuffer.cleaner(): available
16:34:33.256 [Test worker] DEBUG io.netty.util.internal.PlatformDependent - -Dio.netty.noPreferDirect: false
16:34:33.266 [Test worker] DEBUG io.netty.util.internal.PlatformDependent - org.jctools-core.MpscChunkedArrayQueue: available
16:34:33.289 [Test worker] DEBUG io.netty.util.internal.InternalThreadLocalMap - -Dio.netty.threadLocalMap.stringBuilder.initialSize: 1024
16:34:33.289 [Test worker] DEBUG io.netty.util.internal.InternalThreadLocalMap - -Dio.netty.threadLocalMap.stringBuilder.maxSize: 4096
16:34:34.244 [Test worker] DEBUG io.netty.handler.ssl.JdkSslContext - Default protocols (JDK): [TLSv1.2, TLSv1.1, TLSv1] 
16:34:34.245 [Test worker] DEBUG io.netty.handler.ssl.JdkSslContext - Default cipher suites (JDK): [TLS_ECDHE_ECDSA_WITH_AES_256_GCM_SHA384, TLS_ECDHE_ECDSA_WITH_AES_128_GCM_SHA256, TLS_ECDHE_RSA_WITH_AES_128_GCM_SHA256, TLS_ECDHE_RSA_WITH_AES_256_GCM_SHA384, TLS_ECDHE_RSA_WITH_AES_128_CBC_SHA, TLS_ECDHE_RSA_WITH_AES_256_CBC_SHA, TLS_RSA_WITH_AES_128_GCM_SHA256, TLS_RSA_WITH_AES_128_CBC_SHA, TLS_RSA_WITH_AES_256_CBC_SHA]
16:34:34.277 [Test worker] DEBUG io.netty.channel.MultithreadEventLoopGroup - -Dio.netty.eventLoopThreads: 4
16:34:34.285 [Test worker] DEBUG io.netty.channel.nio.NioEventLoop - -Dio.netty.noKeySetOptimization: false
16:34:34.286 [Test worker] DEBUG io.netty.channel.nio.NioEventLoop - -Dio.netty.selectorAutoRebuildThreshold: 512
16:34:34.329 [Test worker] DEBUG io.netty.buffer.PooledByteBufAllocator - -Dio.netty.allocator.numHeapArenas: 4
16:34:34.329 [Test worker] DEBUG io.netty.buffer.PooledByteBufAllocator - -Dio.netty.allocator.numDirectArenas: 4
16:34:34.330 [Test worker] DEBUG io.netty.buffer.PooledByteBufAllocator - -Dio.netty.allocator.pageSize: 8192
16:34:34.330 [Test worker] DEBUG io.netty.buffer.PooledByteBufAllocator - -Dio.netty.allocator.maxOrder: 9
16:34:34.331 [Test worker] DEBUG io.netty.buffer.PooledByteBufAllocator - -Dio.netty.allocator.chunkSize: 4194304
16:34:34.331 [Test worker] DEBUG io.netty.buffer.PooledByteBufAllocator - -Dio.netty.allocator.smallCacheSize: 256
16:34:34.331 [Test worker] DEBUG io.netty.buffer.PooledByteBufAllocator - -Dio.netty.allocator.normalCacheSize: 64
16:34:34.331 [Test worker] DEBUG io.netty.buffer.PooledByteBufAllocator - -Dio.netty.allocator.maxCachedBufferCapacity: 32768
16:34:34.331 [Test worker] DEBUG io.netty.buffer.PooledByteBufAllocator - -Dio.netty.allocator.cacheTrimInterval: 8192
16:34:34.332 [Test worker] DEBUG io.netty.buffer.PooledByteBufAllocator - -Dio.netty.allocator.cacheTrimIntervalMillis: 0
16:34:34.333 [Test worker] DEBUG io.netty.buffer.PooledByteBufAllocator - -Dio.netty.allocator.useCacheForAllThreads: false
16:34:34.334 [Test worker] DEBUG io.netty.buffer.PooledByteBufAllocator - -Dio.netty.allocator.maxCachedByteBuffersPerChunk: 1023
16:34:34.346 [Test worker] DEBUG io.netty.buffer.ByteBufUtil - -Dio.netty.allocator.type: pooled
16:34:34.347 [Test worker] DEBUG io.netty.buffer.ByteBufUtil - -Dio.netty.threadLocalDirectBufferSize: 0
16:34:34.347 [Test worker] DEBUG io.netty.buffer.ByteBufUtil - -Dio.netty.maxThreadLocalCharBufferSize: 16384
16:34:35.284 [Forwarding newSession on session null to remote] DEBUG io.netty.channel.DefaultChannelId - -Dio.netty.processId: 25792 (auto-detected)
16:34:35.288 [Forwarding newSession on session null to remote] DEBUG io.netty.util.NetUtil - -Djava.net.preferIPv4Stack: false
16:34:35.288 [Forwarding newSession on session null to remote] DEBUG io.netty.util.NetUtil - -Djava.net.preferIPv6Addresses: false
16:34:35.951 [Forwarding newSession on session null to remote] DEBUG io.netty.util.NetUtilInitializations - Loopback interface: lo (Software Loopback Interface 1, 127.0.0.1)
16:34:35.952 [Forwarding newSession on session null to remote] DEBUG io.netty.util.NetUtil - Failed to get SOMAXCONN from sysctl and file \proc\sys\net\core\somaxconn. Default: 200
16:34:36.630 [Forwarding newSession on session null to remote] DEBUG io.netty.channel.DefaultChannelId - -Dio.netty.machineId: 34:34:34:ff:fe:00:00:00 (auto-detected)
16:34:36.694 [AsyncHttpClient-1-2] DEBUG io.netty.buffer.AbstractByteBuf - -Dio.netty.buffer.checkAccessible: true
16:34:36.695 [AsyncHttpClient-1-2] DEBUG io.netty.buffer.AbstractByteBuf - -Dio.netty.buffer.checkBounds: true
16:34:36.696 [AsyncHttpClient-1-2] DEBUG io.netty.util.ResourceLeakDetectorFactory - Loaded default ResourceLeakDetector: io.netty.util.ResourceLeakDetector@4c096a2
16:34:36.711 [AsyncHttpClient-1-2] DEBUG org.asynchttpclient.netty.channel.NettyConnectListener - Using new Channel '[id: 0x96d90250, L:/127.0.0.1:60604 - R:localhost/127.0.0.1:49944]' for 'POST' to '/session'
16:34:36.731 [AsyncHttpClient-1-2] DEBUG io.netty.util.Recycler - -Dio.netty.recycler.maxCapacityPerThread: 4096
16:34:36.731 [AsyncHttpClient-1-2] DEBUG io.netty.util.Recycler - -Dio.netty.recycler.ratio: 8
16:34:36.731 [AsyncHttpClient-1-2] DEBUG io.netty.util.Recycler - -Dio.netty.recycler.chunkSize: 32
16:34:36.731 [AsyncHttpClient-1-2] DEBUG io.netty.util.Recycler - -Dio.netty.recycler.blocking: false
16:34:38.131 [AsyncHttpClient-1-2] DEBUG io.netty.handler.codec.compression.Brotli - brotli4j not in the classpath; Brotli support will be unavailable.
16:34:38.131 [AsyncHttpClient-1-2] DEBUG org.asynchttpclient.netty.handler.HttpHandler - 

Request DefaultHttpRequest(decodeResult: success, version: HTTP/1.1)
POST /session HTTP/1.1
User-Agent: selenium/4.1.3 (java windows)
Content-Length: 365
Content-Type: application/json; charset=utf-8
host: localhost:49944
accept: */*

Response DefaultHttpResponse(decodeResult: success, version: HTTP/1.1)
HTTP/1.1 200 OK
Content-Type: application/json; charset=utf-8
cache-control: no-cache
content-length: 790

16:34:38.139 [AsyncHttpClient-1-2] DEBUG org.asynchttpclient.netty.channel.ChannelManager - Adding key: http://localhost:49944 for channel [id: 0x96d90250, L:/127.0.0.1:60604 - R:localhost/127.0.0.1:49944]
16:34:38.295 [AsyncHttpClient-1-3] DEBUG org.asynchttpclient.netty.channel.NettyConnectListener - Using new Channel '[id: 0x7684072b, L:/127.0.0.1:60612 - R:localhost/127.0.0.1:60606]' for 'GET' to '/json/version'
16:34:38.297 [AsyncHttpClient-1-3] DEBUG org.asynchttpclient.netty.handler.HttpHandler - 

Request DefaultFullHttpRequest(decodeResult: success, version: HTTP/1.1, content: EmptyByteBufBE)
GET /json/version HTTP/1.1
User-Agent: selenium/4.1.3 (java windows)
host: localhost:60606
accept: */*

Response DefaultHttpResponse(decodeResult: success, version: HTTP/1.1)
HTTP/1.1 200 OK
Content-Type: application/json; charset=UTF-8
content-length: 424

16:34:38.298 [AsyncHttpClient-1-3] DEBUG org.asynchttpclient.netty.channel.ChannelManager - Adding key: http://localhost:60606 for channel [id: 0x7684072b, L:/127.0.0.1:60612 - R:localhost/127.0.0.1:60606]
16:34:38.312 [Test worker] DEBUG io.netty.util.internal.ThreadLocalRandom - -Dio.netty.initialSeedUniquifier: 0x7f817efc76014ba5
16:34:38.351 [AsyncHttpClient-1-4] DEBUG org.asynchttpclient.netty.channel.NettyConnectListener - Using new Channel '[id: 0xb1e6d6f0, L:/127.0.0.1:60613 - R:localhost/127.0.0.1:60606]' for 'GET' to '/devtools/browser/2544994d-4f30-450d-86ab-06afc3e67164'
16:34:38.353 [AsyncHttpClient-1-4] DEBUG org.asynchttpclient.netty.handler.WebSocketHandler - 

Request DefaultFullHttpRequest(decodeResult: success, version: HTTP/1.1, content: EmptyByteBufBE)
GET /devtools/browser/2544994d-4f30-450d-86ab-06afc3e67164 HTTP/1.1
upgrade: websocket
connection: upgrade
sec-websocket-key: 7R9pUNH4dlSBWyRvaAG1Uw==
sec-websocket-version: 13
origin: http://localhost:60606
host: localhost:60606
accept: */*
user-agent: AHC/2.1

Response DefaultHttpResponse(decodeResult: success, version: HTTP/1.1)
HTTP/1.1 101 WebSocket Protocol Handshake
Upgrade: WebSocket
Connection: Upgrade
Sec-WebSocket-Accept: tIC2xRNi8aVVFb6StHXTK/mf2wg=

16:34:38.400 [Forwarding get on session 0b4a01cccf3457b04d646cfca3d018cf to remote] DEBUG org.asynchttpclient.netty.request.NettyRequestSender - Using pooled Channel '[id: 0x96d90250, L:/127.0.0.1:60604 - R:localhost/127.0.0.1:49944]' for 'POST' to 'http://localhost:49944/session/0b4a01cccf3457b04d646cfca3d018cf/url'
16:34:38.400 [Forwarding get on session 0b4a01cccf3457b04d646cfca3d018cf to remote] DEBUG org.asynchttpclient.netty.request.NettyRequestSender - Using open Channel [id: 0x96d90250, L:/127.0.0.1:60604 - R:localhost/127.0.0.1:49944] for POST '/session/0b4a01cccf3457b04d646cfca3d018cf/url'
16:34:38.689 [AsyncHttpClient-1-1] DEBUG org.asynchttpclient.netty.channel.DefaultChannelPool - Entry count for : http://localhost:60606 : 1
16:34:39.776 [AsyncHttpClient-1-1] DEBUG org.asynchttpclient.netty.channel.DefaultChannelPool - Entry count for : http://localhost:60606 : 1
16:34:39.920 [AsyncHttpClient-1-2] DEBUG org.asynchttpclient.netty.handler.HttpHandler - 

Request DefaultHttpRequest(decodeResult: success, version: HTTP/1.1)
POST /session/0b4a01cccf3457b04d646cfca3d018cf/url HTTP/1.1
User-Agent: selenium/4.1.3 (java windows)
Content-Length: 73
Content-Type: application/json; charset=utf-8
host: localhost:49944
accept: */*

Response DefaultHttpResponse(decodeResult: success, version: HTTP/1.1)
HTTP/1.1 200 OK
Content-Type: application/json; charset=utf-8
cache-control: no-cache
content-length: 14

16:34:39.921 [AsyncHttpClient-1-2] DEBUG org.asynchttpclient.netty.channel.ChannelManager - Adding key: http://localhost:49944 for channel [id: 0x96d90250, L:/127.0.0.1:60604 - R:localhost/127.0.0.1:49944]
16:34:39.931 [Forwarding setTimeout on session 0b4a01cccf3457b04d646cfca3d018cf to remote] DEBUG org.asynchttpclient.netty.request.NettyRequestSender - Using pooled Channel '[id: 0x96d90250, L:/127.0.0.1:60604 - R:localhost/127.0.0.1:49944]' for 'POST' to 'http://localhost:49944/session/0b4a01cccf3457b04d646cfca3d018cf/timeouts'
16:34:39.931 [Forwarding setTimeout on session 0b4a01cccf3457b04d646cfca3d018cf to remote] DEBUG org.asynchttpclient.netty.request.NettyRequestSender - Using open Channel [id: 0x96d90250, L:/127.0.0.1:60604 - R:localhost/127.0.0.1:49944] for POST '/session/0b4a01cccf3457b04d646cfca3d018cf/timeouts'
16:34:39.934 [AsyncHttpClient-1-2] DEBUG org.asynchttpclient.netty.handler.HttpHandler - 

Request DefaultHttpRequest(decodeResult: success, version: HTTP/1.1)
POST /session/0b4a01cccf3457b04d646cfca3d018cf/timeouts HTTP/1.1
User-Agent: selenium/4.1.3 (java windows)
Content-Length: 22
Content-Type: application/json; charset=utf-8
host: localhost:49944
accept: */*

Response DefaultHttpResponse(decodeResult: success, version: HTTP/1.1)
HTTP/1.1 200 OK
Content-Type: application/json; charset=utf-8
cache-control: no-cache
content-length: 14

16:34:39.935 [AsyncHttpClient-1-2] DEBUG org.asynchttpclient.netty.channel.ChannelManager - Adding key: http://localhost:49944 for channel [id: 0x96d90250, L:/127.0.0.1:60604 - R:localhost/127.0.0.1:49944]
16:34:39.938 [Forwarding findElement on session 0b4a01cccf3457b04d646cfca3d018cf to remote] DEBUG org.asynchttpclient.netty.request.NettyRequestSender - Using pooled Channel '[id: 0x96d90250, L:/127.0.0.1:60604 - R:localhost/127.0.0.1:49944]' for 'POST' to 'http://localhost:49944/session/0b4a01cccf3457b04d646cfca3d018cf/element'
16:34:39.939 [Forwarding findElement on session 0b4a01cccf3457b04d646cfca3d018cf to remote] DEBUG org.asynchttpclient.netty.request.NettyRequestSender - Using open Channel [id: 0x96d90250, L:/127.0.0.1:60604 - R:localhost/127.0.0.1:49944] for POST '/session/0b4a01cccf3457b04d646cfca3d018cf/element'
16:34:40.399 [AsyncHttpClient-1-2] DEBUG org.asynchttpclient.netty.handler.HttpHandler - 

Request DefaultHttpRequest(decodeResult: success, version: HTTP/1.1)
POST /session/0b4a01cccf3457b04d646cfca3d018cf/element HTTP/1.1
User-Agent: selenium/4.1.3 (java windows)
Content-Length: 61
Content-Type: application/json; charset=utf-8
host: localhost:49944
accept: */*

Response DefaultHttpResponse(decodeResult: success, version: HTTP/1.1)
HTTP/1.1 200 OK
Content-Type: application/json; charset=utf-8
cache-control: no-cache
content-length: 88

16:34:40.400 [AsyncHttpClient-1-2] DEBUG org.asynchttpclient.netty.channel.ChannelManager - Adding key: http://localhost:49944 for channel [id: 0x96d90250, L:/127.0.0.1:60604 - R:localhost/127.0.0.1:49944]
16:34:40.414 [Forwarding clickElement on session 0b4a01cccf3457b04d646cfca3d018cf to remote] DEBUG org.asynchttpclient.netty.request.NettyRequestSender - Using pooled Channel '[id: 0x96d90250, L:/127.0.0.1:60604 - R:localhost/127.0.0.1:49944]' for 'POST' to 'http://localhost:49944/session/0b4a01cccf3457b04d646cfca3d018cf/element/e5632398-8c4f-4df1-8008-0a0cb37db371/click'
16:34:40.414 [Forwarding clickElement on session 0b4a01cccf3457b04d646cfca3d018cf to remote] DEBUG org.asynchttpclient.netty.request.NettyRequestSender - Using open Channel [id: 0x96d90250, L:/127.0.0.1:60604 - R:localhost/127.0.0.1:49944] for POST '/session/0b4a01cccf3457b04d646cfca3d018cf/element/e5632398-8c4f-4df1-8008-0a0cb37db371/click'
16:34:40.619 [AsyncHttpClient-1-2] DEBUG org.asynchttpclient.netty.handler.HttpHandler - 

Request DefaultHttpRequest(decodeResult: success, version: HTTP/1.1)
POST /session/0b4a01cccf3457b04d646cfca3d018cf/element/e5632398-8c4f-4df1-8008-0a0cb37db371/click HTTP/1.1
User-Agent: selenium/4.1.3 (java windows)
Content-Length: 50
Content-Type: application/json; charset=utf-8
host: localhost:49944
accept: */*

Response DefaultHttpResponse(decodeResult: success, version: HTTP/1.1)
HTTP/1.1 200 OK
Content-Type: application/json; charset=utf-8
cache-control: no-cache
content-length: 14

16:34:40.619 [AsyncHttpClient-1-2] DEBUG org.asynchttpclient.netty.channel.ChannelManager - Adding key: http://localhost:49944 for channel [id: 0x96d90250, L:/127.0.0.1:60604 - R:localhost/127.0.0.1:49944]
16:34:40.624 [Forwarding findElement on session 0b4a01cccf3457b04d646cfca3d018cf to remote] DEBUG org.asynchttpclient.netty.request.NettyRequestSender - Using pooled Channel '[id: 0x96d90250, L:/127.0.0.1:60604 - R:localhost/127.0.0.1:49944]' for 'POST' to 'http://localhost:49944/session/0b4a01cccf3457b04d646cfca3d018cf/element'
16:34:40.624 [Forwarding findElement on session 0b4a01cccf3457b04d646cfca3d018cf to remote] DEBUG org.asynchttpclient.netty.request.NettyRequestSender - Using open Channel [id: 0x96d90250, L:/127.0.0.1:60604 - R:localhost/127.0.0.1:49944] for POST '/session/0b4a01cccf3457b04d646cfca3d018cf/element'
16:34:40.639 [AsyncHttpClient-1-2] DEBUG org.asynchttpclient.netty.handler.HttpHandler - 

Request DefaultHttpRequest(decodeResult: success, version: HTTP/1.1)
POST /session/0b4a01cccf3457b04d646cfca3d018cf/element HTTP/1.1
User-Agent: selenium/4.1.3 (java windows)
Content-Length: 61
Content-Type: application/json; charset=utf-8
host: localhost:49944
accept: */*

Response DefaultHttpResponse(decodeResult: success, version: HTTP/1.1)
HTTP/1.1 200 OK
Content-Type: application/json; charset=utf-8
cache-control: no-cache
content-length: 88

16:34:40.640 [AsyncHttpClient-1-2] DEBUG org.asynchttpclient.netty.channel.ChannelManager - Adding key: http://localhost:49944 for channel [id: 0x96d90250, L:/127.0.0.1:60604 - R:localhost/127.0.0.1:49944]
16:34:40.643 [Forwarding clearElement on session 0b4a01cccf3457b04d646cfca3d018cf to remote] DEBUG org.asynchttpclient.netty.request.NettyRequestSender - Using pooled Channel '[id: 0x96d90250, L:/127.0.0.1:60604 - R:localhost/127.0.0.1:49944]' for 'POST' to 'http://localhost:49944/session/0b4a01cccf3457b04d646cfca3d018cf/element/e5632398-8c4f-4df1-8008-0a0cb37db371/clear'
16:34:40.643 [Forwarding clearElement on session 0b4a01cccf3457b04d646cfca3d018cf to remote] DEBUG org.asynchttpclient.netty.request.NettyRequestSender - Using open Channel [id: 0x96d90250, L:/127.0.0.1:60604 - R:localhost/127.0.0.1:49944] for POST '/session/0b4a01cccf3457b04d646cfca3d018cf/element/e5632398-8c4f-4df1-8008-0a0cb37db371/clear'
16:34:40.669 [AsyncHttpClient-1-2] DEBUG org.asynchttpclient.netty.handler.HttpHandler - 

Request DefaultHttpRequest(decodeResult: success, version: HTTP/1.1)
POST /session/0b4a01cccf3457b04d646cfca3d018cf/element/e5632398-8c4f-4df1-8008-0a0cb37db371/clear HTTP/1.1
User-Agent: selenium/4.1.3 (java windows)
Content-Length: 50
Content-Type: application/json; charset=utf-8
host: localhost:49944
accept: */*

Response DefaultHttpResponse(decodeResult: success, version: HTTP/1.1)
HTTP/1.1 200 OK
Content-Type: application/json; charset=utf-8
cache-control: no-cache
content-length: 14

16:34:40.670 [AsyncHttpClient-1-2] DEBUG org.asynchttpclient.netty.channel.ChannelManager - Adding key: http://localhost:49944 for channel [id: 0x96d90250, L:/127.0.0.1:60604 - R:localhost/127.0.0.1:49944]
16:34:40.675 [Forwarding findElement on session 0b4a01cccf3457b04d646cfca3d018cf to remote] DEBUG org.asynchttpclient.netty.request.NettyRequestSender - Using pooled Channel '[id: 0x96d90250, L:/127.0.0.1:60604 - R:localhost/127.0.0.1:49944]' for 'POST' to 'http://localhost:49944/session/0b4a01cccf3457b04d646cfca3d018cf/element'
16:34:40.675 [Forwarding findElement on session 0b4a01cccf3457b04d646cfca3d018cf to remote] DEBUG org.asynchttpclient.netty.request.NettyRequestSender - Using open Channel [id: 0x96d90250, L:/127.0.0.1:60604 - R:localhost/127.0.0.1:49944] for POST '/session/0b4a01cccf3457b04d646cfca3d018cf/element'
16:34:40.690 [AsyncHttpClient-1-2] DEBUG org.asynchttpclient.netty.handler.HttpHandler - 

Request DefaultHttpRequest(decodeResult: success, version: HTTP/1.1)
POST /session/0b4a01cccf3457b04d646cfca3d018cf/element HTTP/1.1
User-Agent: selenium/4.1.3 (java windows)
Content-Length: 61
Content-Type: application/json; charset=utf-8
host: localhost:49944
accept: */*

Response DefaultHttpResponse(decodeResult: success, version: HTTP/1.1)
HTTP/1.1 200 OK
Content-Type: application/json; charset=utf-8
cache-control: no-cache
content-length: 88

16:34:40.690 [AsyncHttpClient-1-2] DEBUG org.asynchttpclient.netty.channel.ChannelManager - Adding key: http://localhost:49944 for channel [id: 0x96d90250, L:/127.0.0.1:60604 - R:localhost/127.0.0.1:49944]
16:34:40.696 [Forwarding sendKeysToElement on session 0b4a01cccf3457b04d646cfca3d018cf to remote] DEBUG org.asynchttpclient.netty.request.NettyRequestSender - Using pooled Channel '[id: 0x96d90250, L:/127.0.0.1:60604 - R:localhost/127.0.0.1:49944]' for 'POST' to 'http://localhost:49944/session/0b4a01cccf3457b04d646cfca3d018cf/element/e5632398-8c4f-4df1-8008-0a0cb37db371/value'
16:34:40.696 [Forwarding sendKeysToElement on session 0b4a01cccf3457b04d646cfca3d018cf to remote] DEBUG org.asynchttpclient.netty.request.NettyRequestSender - Using open Channel [id: 0x96d90250, L:/127.0.0.1:60604 - R:localhost/127.0.0.1:49944] for POST '/session/0b4a01cccf3457b04d646cfca3d018cf/element/e5632398-8c4f-4df1-8008-0a0cb37db371/value'
16:34:40.754 [AsyncHttpClient-1-2] DEBUG org.asynchttpclient.netty.handler.HttpHandler - 

Request DefaultHttpRequest(decodeResult: success, version: HTTP/1.1)
POST /session/0b4a01cccf3457b04d646cfca3d018cf/element/e5632398-8c4f-4df1-8008-0a0cb37db371/value HTTP/1.1
User-Agent: selenium/4.1.3 (java windows)
Content-Length: 161
Content-Type: application/json; charset=utf-8
host: localhost:49944
accept: */*

Response DefaultHttpResponse(decodeResult: success, version: HTTP/1.1)
HTTP/1.1 200 OK
Content-Type: application/json; charset=utf-8
cache-control: no-cache
content-length: 14

16:34:40.754 [AsyncHttpClient-1-2] DEBUG org.asynchttpclient.netty.channel.ChannelManager - Adding key: http://localhost:49944 for channel [id: 0x96d90250, L:/127.0.0.1:60604 - R:localhost/127.0.0.1:49944]
16:34:40.757 [Forwarding findElement on session 0b4a01cccf3457b04d646cfca3d018cf to remote] DEBUG org.asynchttpclient.netty.request.NettyRequestSender - Using pooled Channel '[id: 0x96d90250, L:/127.0.0.1:60604 - R:localhost/127.0.0.1:49944]' for 'POST' to 'http://localhost:49944/session/0b4a01cccf3457b04d646cfca3d018cf/element'
16:34:40.757 [Forwarding findElement on session 0b4a01cccf3457b04d646cfca3d018cf to remote] DEBUG org.asynchttpclient.netty.request.NettyRequestSender - Using open Channel [id: 0x96d90250, L:/127.0.0.1:60604 - R:localhost/127.0.0.1:49944] for POST '/session/0b4a01cccf3457b04d646cfca3d018cf/element'
16:34:40.777 [AsyncHttpClient-1-2] DEBUG org.asynchttpclient.netty.handler.HttpHandler - 

Request DefaultHttpRequest(decodeResult: success, version: HTTP/1.1)
POST /session/0b4a01cccf3457b04d646cfca3d018cf/element HTTP/1.1
User-Agent: selenium/4.1.3 (java windows)
Content-Length: 61
Content-Type: application/json; charset=utf-8
host: localhost:49944
accept: */*

Response DefaultHttpResponse(decodeResult: success, version: HTTP/1.1)
HTTP/1.1 200 OK
Content-Type: application/json; charset=utf-8
cache-control: no-cache
content-length: 88

16:34:40.777 [AsyncHttpClient-1-2] DEBUG org.asynchttpclient.netty.channel.ChannelManager - Adding key: http://localhost:49944 for channel [id: 0x96d90250, L:/127.0.0.1:60604 - R:localhost/127.0.0.1:49944]
16:34:40.779 [Forwarding clickElement on session 0b4a01cccf3457b04d646cfca3d018cf to remote] DEBUG org.asynchttpclient.netty.request.NettyRequestSender - Using pooled Channel '[id: 0x96d90250, L:/127.0.0.1:60604 - R:localhost/127.0.0.1:49944]' for 'POST' to 'http://localhost:49944/session/0b4a01cccf3457b04d646cfca3d018cf/element/9f71fc98-c121-4b7c-ad2e-fb769959c1dc/click'
16:34:40.779 [Forwarding clickElement on session 0b4a01cccf3457b04d646cfca3d018cf to remote] DEBUG org.asynchttpclient.netty.request.NettyRequestSender - Using open Channel [id: 0x96d90250, L:/127.0.0.1:60604 - R:localhost/127.0.0.1:49944] for POST '/session/0b4a01cccf3457b04d646cfca3d018cf/element/9f71fc98-c121-4b7c-ad2e-fb769959c1dc/click'
16:34:40.831 [AsyncHttpClient-1-2] DEBUG org.asynchttpclient.netty.handler.HttpHandler - 

Request DefaultHttpRequest(decodeResult: success, version: HTTP/1.1)
POST /session/0b4a01cccf3457b04d646cfca3d018cf/element/9f71fc98-c121-4b7c-ad2e-fb769959c1dc/click HTTP/1.1
User-Agent: selenium/4.1.3 (java windows)
Content-Length: 50
Content-Type: application/json; charset=utf-8
host: localhost:49944
accept: */*

Response DefaultHttpResponse(decodeResult: success, version: HTTP/1.1)
HTTP/1.1 200 OK
Content-Type: application/json; charset=utf-8
cache-control: no-cache
content-length: 14

16:34:40.841 [AsyncHttpClient-1-2] DEBUG org.asynchttpclient.netty.channel.ChannelManager - Adding key: http://localhost:49944 for channel [id: 0x96d90250, L:/127.0.0.1:60604 - R:localhost/127.0.0.1:49944]
16:34:40.849 [Forwarding findElement on session 0b4a01cccf3457b04d646cfca3d018cf to remote] DEBUG org.asynchttpclient.netty.request.NettyRequestSender - Using pooled Channel '[id: 0x96d90250, L:/127.0.0.1:60604 - R:localhost/127.0.0.1:49944]' for 'POST' to 'http://localhost:49944/session/0b4a01cccf3457b04d646cfca3d018cf/element'
16:34:40.849 [Forwarding findElement on session 0b4a01cccf3457b04d646cfca3d018cf to remote] DEBUG org.asynchttpclient.netty.request.NettyRequestSender - Using open Channel [id: 0x96d90250, L:/127.0.0.1:60604 - R:localhost/127.0.0.1:49944] for POST '/session/0b4a01cccf3457b04d646cfca3d018cf/element'
16:34:40.867 [AsyncHttpClient-1-2] DEBUG org.asynchttpclient.netty.handler.HttpHandler - 

Request DefaultHttpRequest(decodeResult: success, version: HTTP/1.1)
POST /session/0b4a01cccf3457b04d646cfca3d018cf/element HTTP/1.1
User-Agent: selenium/4.1.3 (java windows)
Content-Length: 61
Content-Type: application/json; charset=utf-8
host: localhost:49944
accept: */*

Response DefaultHttpResponse(decodeResult: success, version: HTTP/1.1)
HTTP/1.1 200 OK
Content-Type: application/json; charset=utf-8
cache-control: no-cache
content-length: 88

16:34:40.868 [AsyncHttpClient-1-2] DEBUG org.asynchttpclient.netty.channel.ChannelManager - Adding key: http://localhost:49944 for channel [id: 0x96d90250, L:/127.0.0.1:60604 - R:localhost/127.0.0.1:49944]
16:34:40.870 [Forwarding clearElement on session 0b4a01cccf3457b04d646cfca3d018cf to remote] DEBUG org.asynchttpclient.netty.request.NettyRequestSender - Using pooled Channel '[id: 0x96d90250, L:/127.0.0.1:60604 - R:localhost/127.0.0.1:49944]' for 'POST' to 'http://localhost:49944/session/0b4a01cccf3457b04d646cfca3d018cf/element/9f71fc98-c121-4b7c-ad2e-fb769959c1dc/clear'
16:34:40.870 [Forwarding clearElement on session 0b4a01cccf3457b04d646cfca3d018cf to remote] DEBUG org.asynchttpclient.netty.request.NettyRequestSender - Using open Channel [id: 0x96d90250, L:/127.0.0.1:60604 - R:localhost/127.0.0.1:49944] for POST '/session/0b4a01cccf3457b04d646cfca3d018cf/element/9f71fc98-c121-4b7c-ad2e-fb769959c1dc/clear'
16:34:40.876 [AsyncHttpClient-1-1] DEBUG org.asynchttpclient.netty.channel.DefaultChannelPool - Entry count for : http://localhost:60606 : 1
16:34:40.898 [AsyncHttpClient-1-2] DEBUG org.asynchttpclient.netty.handler.HttpHandler - 

Request DefaultHttpRequest(decodeResult: success, version: HTTP/1.1)
POST /session/0b4a01cccf3457b04d646cfca3d018cf/element/9f71fc98-c121-4b7c-ad2e-fb769959c1dc/clear HTTP/1.1
User-Agent: selenium/4.1.3 (java windows)
Content-Length: 50
Content-Type: application/json; charset=utf-8
host: localhost:49944
accept: */*

Response DefaultHttpResponse(decodeResult: success, version: HTTP/1.1)
HTTP/1.1 200 OK
Content-Type: application/json; charset=utf-8
cache-control: no-cache
content-length: 14

16:34:40.898 [AsyncHttpClient-1-2] DEBUG org.asynchttpclient.netty.channel.ChannelManager - Adding key: http://localhost:49944 for channel [id: 0x96d90250, L:/127.0.0.1:60604 - R:localhost/127.0.0.1:49944]
16:34:40.902 [Forwarding findElement on session 0b4a01cccf3457b04d646cfca3d018cf to remote] DEBUG org.asynchttpclient.netty.request.NettyRequestSender - Using pooled Channel '[id: 0x96d90250, L:/127.0.0.1:60604 - R:localhost/127.0.0.1:49944]' for 'POST' to 'http://localhost:49944/session/0b4a01cccf3457b04d646cfca3d018cf/element'
16:34:40.902 [Forwarding findElement on session 0b4a01cccf3457b04d646cfca3d018cf to remote] DEBUG org.asynchttpclient.netty.request.NettyRequestSender - Using open Channel [id: 0x96d90250, L:/127.0.0.1:60604 - R:localhost/127.0.0.1:49944] for POST '/session/0b4a01cccf3457b04d646cfca3d018cf/element'
16:34:40.914 [AsyncHttpClient-1-2] DEBUG org.asynchttpclient.netty.handler.HttpHandler - 

Request DefaultHttpRequest(decodeResult: success, version: HTTP/1.1)
POST /session/0b4a01cccf3457b04d646cfca3d018cf/element HTTP/1.1
User-Agent: selenium/4.1.3 (java windows)
Content-Length: 61
Content-Type: application/json; charset=utf-8
host: localhost:49944
accept: */*

Response DefaultHttpResponse(decodeResult: success, version: HTTP/1.1)
HTTP/1.1 200 OK
Content-Type: application/json; charset=utf-8
cache-control: no-cache
content-length: 88

16:34:40.914 [AsyncHttpClient-1-2] DEBUG org.asynchttpclient.netty.channel.ChannelManager - Adding key: http://localhost:49944 for channel [id: 0x96d90250, L:/127.0.0.1:60604 - R:localhost/127.0.0.1:49944]
16:34:40.917 [Forwarding sendKeysToElement on session 0b4a01cccf3457b04d646cfca3d018cf to remote] DEBUG org.asynchttpclient.netty.request.NettyRequestSender - Using pooled Channel '[id: 0x96d90250, L:/127.0.0.1:60604 - R:localhost/127.0.0.1:49944]' for 'POST' to 'http://localhost:49944/session/0b4a01cccf3457b04d646cfca3d018cf/element/9f71fc98-c121-4b7c-ad2e-fb769959c1dc/value'
16:34:40.917 [Forwarding sendKeysToElement on session 0b4a01cccf3457b04d646cfca3d018cf to remote] DEBUG org.asynchttpclient.netty.request.NettyRequestSender - Using open Channel [id: 0x96d90250, L:/127.0.0.1:60604 - R:localhost/127.0.0.1:49944] for POST '/session/0b4a01cccf3457b04d646cfca3d018cf/element/9f71fc98-c121-4b7c-ad2e-fb769959c1dc/value'
16:34:40.961 [AsyncHttpClient-1-2] DEBUG org.asynchttpclient.netty.handler.HttpHandler - 

Request DefaultHttpRequest(decodeResult: success, version: HTTP/1.1)
POST /session/0b4a01cccf3457b04d646cfca3d018cf/element/9f71fc98-c121-4b7c-ad2e-fb769959c1dc/value HTTP/1.1
User-Agent: selenium/4.1.3 (java windows)
Content-Length: 141
Content-Type: application/json; charset=utf-8
host: localhost:49944
accept: */*

Response DefaultHttpResponse(decodeResult: success, version: HTTP/1.1)
HTTP/1.1 200 OK
Content-Type: application/json; charset=utf-8
cache-control: no-cache
content-length: 14

16:34:40.961 [AsyncHttpClient-1-2] DEBUG org.asynchttpclient.netty.channel.ChannelManager - Adding key: http://localhost:49944 for channel [id: 0x96d90250, L:/127.0.0.1:60604 - R:localhost/127.0.0.1:49944]
16:34:40.964 [Forwarding findElement on session 0b4a01cccf3457b04d646cfca3d018cf to remote] DEBUG org.asynchttpclient.netty.request.NettyRequestSender - Using pooled Channel '[id: 0x96d90250, L:/127.0.0.1:60604 - R:localhost/127.0.0.1:49944]' for 'POST' to 'http://localhost:49944/session/0b4a01cccf3457b04d646cfca3d018cf/element'
16:34:40.964 [Forwarding findElement on session 0b4a01cccf3457b04d646cfca3d018cf to remote] DEBUG org.asynchttpclient.netty.request.NettyRequestSender - Using open Channel [id: 0x96d90250, L:/127.0.0.1:60604 - R:localhost/127.0.0.1:49944] for POST '/session/0b4a01cccf3457b04d646cfca3d018cf/element'
16:34:40.978 [AsyncHttpClient-1-2] DEBUG org.asynchttpclient.netty.handler.HttpHandler - 

Request DefaultHttpRequest(decodeResult: success, version: HTTP/1.1)
POST /session/0b4a01cccf3457b04d646cfca3d018cf/element HTTP/1.1
User-Agent: selenium/4.1.3 (java windows)
Content-Length: 53
Content-Type: application/json; charset=utf-8
host: localhost:49944
accept: */*

Response DefaultHttpResponse(decodeResult: success, version: HTTP/1.1)
HTTP/1.1 200 OK
Content-Type: application/json; charset=utf-8
cache-control: no-cache
content-length: 88

16:34:40.978 [AsyncHttpClient-1-2] DEBUG org.asynchttpclient.netty.channel.ChannelManager - Adding key: http://localhost:49944 for channel [id: 0x96d90250, L:/127.0.0.1:60604 - R:localhost/127.0.0.1:49944]
16:34:40.980 [Forwarding clickElement on session 0b4a01cccf3457b04d646cfca3d018cf to remote] DEBUG org.asynchttpclient.netty.request.NettyRequestSender - Using pooled Channel '[id: 0x96d90250, L:/127.0.0.1:60604 - R:localhost/127.0.0.1:49944]' for 'POST' to 'http://localhost:49944/session/0b4a01cccf3457b04d646cfca3d018cf/element/97ad6b1a-25a9-4e14-81e5-c917cdf5d678/click'
16:34:40.980 [Forwarding clickElement on session 0b4a01cccf3457b04d646cfca3d018cf to remote] DEBUG org.asynchttpclient.netty.request.NettyRequestSender - Using open Channel [id: 0x96d90250, L:/127.0.0.1:60604 - R:localhost/127.0.0.1:49944] for POST '/session/0b4a01cccf3457b04d646cfca3d018cf/element/97ad6b1a-25a9-4e14-81e5-c917cdf5d678/click'
16:34:41.037 [AsyncHttpClient-1-2] DEBUG org.asynchttpclient.netty.handler.HttpHandler - 

Request DefaultHttpRequest(decodeResult: success, version: HTTP/1.1)
POST /session/0b4a01cccf3457b04d646cfca3d018cf/element/97ad6b1a-25a9-4e14-81e5-c917cdf5d678/click HTTP/1.1
User-Agent: selenium/4.1.3 (java windows)
Content-Length: 50
Content-Type: application/json; charset=utf-8
host: localhost:49944
accept: */*

Response DefaultHttpResponse(decodeResult: success, version: HTTP/1.1)
HTTP/1.1 200 OK
Content-Type: application/json; charset=utf-8
cache-control: no-cache
content-length: 14

16:34:41.037 [AsyncHttpClient-1-2] DEBUG org.asynchttpclient.netty.channel.ChannelManager - Adding key: http://localhost:49944 for channel [id: 0x96d90250, L:/127.0.0.1:60604 - R:localhost/127.0.0.1:49944]
16:34:41.051 [Forwarding findElement on session 0b4a01cccf3457b04d646cfca3d018cf to remote] DEBUG org.asynchttpclient.netty.request.NettyRequestSender - Using pooled Channel '[id: 0x96d90250, L:/127.0.0.1:60604 - R:localhost/127.0.0.1:49944]' for 'POST' to 'http://localhost:49944/session/0b4a01cccf3457b04d646cfca3d018cf/element'
16:34:41.052 [Forwarding findElement on session 0b4a01cccf3457b04d646cfca3d018cf to remote] DEBUG org.asynchttpclient.netty.request.NettyRequestSender - Using open Channel [id: 0x96d90250, L:/127.0.0.1:60604 - R:localhost/127.0.0.1:49944] for POST '/session/0b4a01cccf3457b04d646cfca3d018cf/element'
16:34:41.975 [AsyncHttpClient-1-1] DEBUG org.asynchttpclient.netty.channel.DefaultChannelPool - Entry count for : http://localhost:60606 : 1
16:34:42.149 [AsyncHttpClient-1-2] DEBUG org.asynchttpclient.netty.handler.HttpHandler - 

Request DefaultHttpRequest(decodeResult: success, version: HTTP/1.1)
POST /session/0b4a01cccf3457b04d646cfca3d018cf/element HTTP/1.1
User-Agent: selenium/4.1.3 (java windows)
Content-Length: 221
Content-Type: application/json; charset=utf-8
host: localhost:49944
accept: */*

Response DefaultHttpResponse(decodeResult: success, version: HTTP/1.1)
HTTP/1.1 200 OK
Content-Type: application/json; charset=utf-8
cache-control: no-cache
content-length: 88

16:34:42.150 [AsyncHttpClient-1-2] DEBUG org.asynchttpclient.netty.channel.ChannelManager - Adding key: http://localhost:49944 for channel [id: 0x96d90250, L:/127.0.0.1:60604 - R:localhost/127.0.0.1:49944]
16:34:42.156 [Forwarding clickElement on session 0b4a01cccf3457b04d646cfca3d018cf to remote] DEBUG org.asynchttpclient.netty.request.NettyRequestSender - Using pooled Channel '[id: 0x96d90250, L:/127.0.0.1:60604 - R:localhost/127.0.0.1:49944]' for 'POST' to 'http://localhost:49944/session/0b4a01cccf3457b04d646cfca3d018cf/element/07cb0d9e-e5f7-4970-b365-6f17f842faa5/click'
16:34:42.156 [Forwarding clickElement on session 0b4a01cccf3457b04d646cfca3d018cf to remote] DEBUG org.asynchttpclient.netty.request.NettyRequestSender - Using open Channel [id: 0x96d90250, L:/127.0.0.1:60604 - R:localhost/127.0.0.1:49944] for POST '/session/0b4a01cccf3457b04d646cfca3d018cf/element/07cb0d9e-e5f7-4970-b365-6f17f842faa5/click'
16:34:42.259 [AsyncHttpClient-1-2] DEBUG org.asynchttpclient.netty.handler.HttpHandler - 

Request DefaultHttpRequest(decodeResult: success, version: HTTP/1.1)
POST /session/0b4a01cccf3457b04d646cfca3d018cf/element/07cb0d9e-e5f7-4970-b365-6f17f842faa5/click HTTP/1.1
User-Agent: selenium/4.1.3 (java windows)
Content-Length: 50
Content-Type: application/json; charset=utf-8
host: localhost:49944
accept: */*

Response DefaultHttpResponse(decodeResult: success, version: HTTP/1.1)
HTTP/1.1 200 OK
Content-Type: application/json; charset=utf-8
cache-control: no-cache
content-length: 14

16:34:42.259 [AsyncHttpClient-1-2] DEBUG org.asynchttpclient.netty.channel.ChannelManager - Adding key: http://localhost:49944 for channel [id: 0x96d90250, L:/127.0.0.1:60604 - R:localhost/127.0.0.1:49944]
16:34:42.261 [Forwarding findElement on session 0b4a01cccf3457b04d646cfca3d018cf to remote] DEBUG org.asynchttpclient.netty.request.NettyRequestSender - Using pooled Channel '[id: 0x96d90250, L:/127.0.0.1:60604 - R:localhost/127.0.0.1:49944]' for 'POST' to 'http://localhost:49944/session/0b4a01cccf3457b04d646cfca3d018cf/element'
16:34:42.261 [Forwarding findElement on session 0b4a01cccf3457b04d646cfca3d018cf to remote] DEBUG org.asynchttpclient.netty.request.NettyRequestSender - Using open Channel [id: 0x96d90250, L:/127.0.0.1:60604 - R:localhost/127.0.0.1:49944] for POST '/session/0b4a01cccf3457b04d646cfca3d018cf/element'
16:34:42.308 [AsyncHttpClient-1-2] DEBUG org.asynchttpclient.netty.handler.HttpHandler - 

Request DefaultHttpRequest(decodeResult: success, version: HTTP/1.1)
POST /session/0b4a01cccf3457b04d646cfca3d018cf/element HTTP/1.1
User-Agent: selenium/4.1.3 (java windows)
Content-Length: 70
Content-Type: application/json; charset=utf-8
host: localhost:49944
accept: */*

Response DefaultHttpResponse(decodeResult: success, version: HTTP/1.1)
HTTP/1.1 200 OK
Content-Type: application/json; charset=utf-8
cache-control: no-cache
content-length: 88

16:34:42.309 [AsyncHttpClient-1-2] DEBUG org.asynchttpclient.netty.channel.ChannelManager - Adding key: http://localhost:49944 for channel [id: 0x96d90250, L:/127.0.0.1:60604 - R:localhost/127.0.0.1:49944]
16:34:42.319 [Forwarding clickElement on session 0b4a01cccf3457b04d646cfca3d018cf to remote] DEBUG org.asynchttpclient.netty.request.NettyRequestSender - Using pooled Channel '[id: 0x96d90250, L:/127.0.0.1:60604 - R:localhost/127.0.0.1:49944]' for 'POST' to 'http://localhost:49944/session/0b4a01cccf3457b04d646cfca3d018cf/element/51b6f463-24c1-4abb-b60e-2e9d38b9d2e4/click'
16:34:42.320 [Forwarding clickElement on session 0b4a01cccf3457b04d646cfca3d018cf to remote] DEBUG org.asynchttpclient.netty.request.NettyRequestSender - Using open Channel [id: 0x96d90250, L:/127.0.0.1:60604 - R:localhost/127.0.0.1:49944] for POST '/session/0b4a01cccf3457b04d646cfca3d018cf/element/51b6f463-24c1-4abb-b60e-2e9d38b9d2e4/click'
16:34:42.371 [AsyncHttpClient-1-2] DEBUG org.asynchttpclient.netty.handler.HttpHandler - 

Request DefaultHttpRequest(decodeResult: success, version: HTTP/1.1)
POST /session/0b4a01cccf3457b04d646cfca3d018cf/element/51b6f463-24c1-4abb-b60e-2e9d38b9d2e4/click HTTP/1.1
User-Agent: selenium/4.1.3 (java windows)
Content-Length: 50
Content-Type: application/json; charset=utf-8
host: localhost:49944
accept: */*

Response DefaultHttpResponse(decodeResult: success, version: HTTP/1.1)
HTTP/1.1 200 OK
Content-Type: application/json; charset=utf-8
cache-control: no-cache
content-length: 14

16:34:42.372 [AsyncHttpClient-1-2] DEBUG org.asynchttpclient.netty.channel.ChannelManager - Adding key: http://localhost:49944 for channel [id: 0x96d90250, L:/127.0.0.1:60604 - R:localhost/127.0.0.1:49944]
16:34:42.374 [Forwarding findElement on session 0b4a01cccf3457b04d646cfca3d018cf to remote] DEBUG org.asynchttpclient.netty.request.NettyRequestSender - Using pooled Channel '[id: 0x96d90250, L:/127.0.0.1:60604 - R:localhost/127.0.0.1:49944]' for 'POST' to 'http://localhost:49944/session/0b4a01cccf3457b04d646cfca3d018cf/element'
16:34:42.374 [Forwarding findElement on session 0b4a01cccf3457b04d646cfca3d018cf to remote] DEBUG org.asynchttpclient.netty.request.NettyRequestSender - Using open Channel [id: 0x96d90250, L:/127.0.0.1:60604 - R:localhost/127.0.0.1:49944] for POST '/session/0b4a01cccf3457b04d646cfca3d018cf/element'
16:34:42.856 [AsyncHttpClient-1-2] DEBUG org.asynchttpclient.netty.handler.HttpHandler - 

Request DefaultHttpRequest(decodeResult: success, version: HTTP/1.1)
POST /session/0b4a01cccf3457b04d646cfca3d018cf/element HTTP/1.1
User-Agent: selenium/4.1.3 (java windows)
Content-Length: 281
Content-Type: application/json; charset=utf-8
host: localhost:49944
accept: */*

Response DefaultHttpResponse(decodeResult: success, version: HTTP/1.1)
HTTP/1.1 200 OK
Content-Type: application/json; charset=utf-8
cache-control: no-cache
content-length: 88

16:34:42.856 [AsyncHttpClient-1-2] DEBUG org.asynchttpclient.netty.channel.ChannelManager - Adding key: http://localhost:49944 for channel [id: 0x96d90250, L:/127.0.0.1:60604 - R:localhost/127.0.0.1:49944]
16:34:42.860 [Forwarding clickElement on session 0b4a01cccf3457b04d646cfca3d018cf to remote] DEBUG org.asynchttpclient.netty.request.NettyRequestSender - Using pooled Channel '[id: 0x96d90250, L:/127.0.0.1:60604 - R:localhost/127.0.0.1:49944]' for 'POST' to 'http://localhost:49944/session/0b4a01cccf3457b04d646cfca3d018cf/element/381cc50d-9017-4110-811e-f183936d9d6c/click'
16:34:42.860 [Forwarding clickElement on session 0b4a01cccf3457b04d646cfca3d018cf to remote] DEBUG org.asynchttpclient.netty.request.NettyRequestSender - Using open Channel [id: 0x96d90250, L:/127.0.0.1:60604 - R:localhost/127.0.0.1:49944] for POST '/session/0b4a01cccf3457b04d646cfca3d018cf/element/381cc50d-9017-4110-811e-f183936d9d6c/click'
16:34:42.927 [AsyncHttpClient-1-2] DEBUG org.asynchttpclient.netty.handler.HttpHandler - 

Request DefaultHttpRequest(decodeResult: success, version: HTTP/1.1)
POST /session/0b4a01cccf3457b04d646cfca3d018cf/element/381cc50d-9017-4110-811e-f183936d9d6c/click HTTP/1.1
User-Agent: selenium/4.1.3 (java windows)
Content-Length: 50
Content-Type: application/json; charset=utf-8
host: localhost:49944
accept: */*

Response DefaultHttpResponse(decodeResult: success, version: HTTP/1.1)
HTTP/1.1 200 OK
Content-Type: application/json; charset=utf-8
cache-control: no-cache
content-length: 14

16:34:42.928 [AsyncHttpClient-1-2] DEBUG org.asynchttpclient.netty.channel.ChannelManager - Adding key: http://localhost:49944 for channel [id: 0x96d90250, L:/127.0.0.1:60604 - R:localhost/127.0.0.1:49944]
16:34:42.934 [Forwarding findElement on session 0b4a01cccf3457b04d646cfca3d018cf to remote] DEBUG org.asynchttpclient.netty.request.NettyRequestSender - Using pooled Channel '[id: 0x96d90250, L:/127.0.0.1:60604 - R:localhost/127.0.0.1:49944]' for 'POST' to 'http://localhost:49944/session/0b4a01cccf3457b04d646cfca3d018cf/element'
16:34:42.935 [Forwarding findElement on session 0b4a01cccf3457b04d646cfca3d018cf to remote] DEBUG org.asynchttpclient.netty.request.NettyRequestSender - Using open Channel [id: 0x96d90250, L:/127.0.0.1:60604 - R:localhost/127.0.0.1:49944] for POST '/session/0b4a01cccf3457b04d646cfca3d018cf/element'
16:34:43.073 [AsyncHttpClient-1-1] DEBUG org.asynchttpclient.netty.channel.DefaultChannelPool - Entry count for : http://localhost:60606 : 1
16:34:43.249 [AsyncHttpClient-1-2] DEBUG org.asynchttpclient.netty.handler.HttpHandler - 

Request DefaultHttpRequest(decodeResult: success, version: HTTP/1.1)
POST /session/0b4a01cccf3457b04d646cfca3d018cf/element HTTP/1.1
User-Agent: selenium/4.1.3 (java windows)
Content-Length: 388
Content-Type: application/json; charset=utf-8
host: localhost:49944
accept: */*

Response DefaultHttpResponse(decodeResult: success, version: HTTP/1.1)
HTTP/1.1 200 OK
Content-Type: application/json; charset=utf-8
cache-control: no-cache
content-length: 88

16:34:43.251 [AsyncHttpClient-1-2] DEBUG org.asynchttpclient.netty.channel.ChannelManager - Adding key: http://localhost:49944 for channel [id: 0x96d90250, L:/127.0.0.1:60604 - R:localhost/127.0.0.1:49944]
16:34:43.269 [Forwarding clickElement on session 0b4a01cccf3457b04d646cfca3d018cf to remote] DEBUG org.asynchttpclient.netty.request.NettyRequestSender - Using pooled Channel '[id: 0x96d90250, L:/127.0.0.1:60604 - R:localhost/127.0.0.1:49944]' for 'POST' to 'http://localhost:49944/session/0b4a01cccf3457b04d646cfca3d018cf/element/4f9c5c12-b9bd-4858-a77a-910473c8de11/click'
16:34:43.269 [Forwarding clickElement on session 0b4a01cccf3457b04d646cfca3d018cf to remote] DEBUG org.asynchttpclient.netty.request.NettyRequestSender - Using open Channel [id: 0x96d90250, L:/127.0.0.1:60604 - R:localhost/127.0.0.1:49944] for POST '/session/0b4a01cccf3457b04d646cfca3d018cf/element/4f9c5c12-b9bd-4858-a77a-910473c8de11/click'
16:34:43.328 [AsyncHttpClient-1-2] DEBUG org.asynchttpclient.netty.handler.HttpHandler - 

Request DefaultHttpRequest(decodeResult: success, version: HTTP/1.1)
POST /session/0b4a01cccf3457b04d646cfca3d018cf/element/4f9c5c12-b9bd-4858-a77a-910473c8de11/click HTTP/1.1
User-Agent: selenium/4.1.3 (java windows)
Content-Length: 50
Content-Type: application/json; charset=utf-8
host: localhost:49944
accept: */*

Response DefaultHttpResponse(decodeResult: success, version: HTTP/1.1)
HTTP/1.1 200 OK
Content-Type: application/json; charset=utf-8
cache-control: no-cache
content-length: 14

16:34:43.328 [AsyncHttpClient-1-2] DEBUG org.asynchttpclient.netty.channel.ChannelManager - Adding key: http://localhost:49944 for channel [id: 0x96d90250, L:/127.0.0.1:60604 - R:localhost/127.0.0.1:49944]
16:34:43.331 [Forwarding findElement on session 0b4a01cccf3457b04d646cfca3d018cf to remote] DEBUG org.asynchttpclient.netty.request.NettyRequestSender - Using pooled Channel '[id: 0x96d90250, L:/127.0.0.1:60604 - R:localhost/127.0.0.1:49944]' for 'POST' to 'http://localhost:49944/session/0b4a01cccf3457b04d646cfca3d018cf/element'
16:34:43.331 [Forwarding findElement on session 0b4a01cccf3457b04d646cfca3d018cf to remote] DEBUG org.asynchttpclient.netty.request.NettyRequestSender - Using open Channel [id: 0x96d90250, L:/127.0.0.1:60604 - R:localhost/127.0.0.1:49944] for POST '/session/0b4a01cccf3457b04d646cfca3d018cf/element'
16:34:43.473 [AsyncHttpClient-1-2] DEBUG org.asynchttpclient.netty.handler.HttpHandler - 

Request DefaultHttpRequest(decodeResult: success, version: HTTP/1.1)
POST /session/0b4a01cccf3457b04d646cfca3d018cf/element HTTP/1.1
User-Agent: selenium/4.1.3 (java windows)
Content-Length: 110
Content-Type: application/json; charset=utf-8
host: localhost:49944
accept: */*

Response DefaultHttpResponse(decodeResult: success, version: HTTP/1.1)
HTTP/1.1 200 OK
Content-Type: application/json; charset=utf-8
cache-control: no-cache
content-length: 88

16:34:43.473 [AsyncHttpClient-1-2] DEBUG org.asynchttpclient.netty.channel.ChannelManager - Adding key: http://localhost:49944 for channel [id: 0x96d90250, L:/127.0.0.1:60604 - R:localhost/127.0.0.1:49944]
16:34:43.475 [Forwarding clickElement on session 0b4a01cccf3457b04d646cfca3d018cf to remote] DEBUG org.asynchttpclient.netty.request.NettyRequestSender - Using pooled Channel '[id: 0x96d90250, L:/127.0.0.1:60604 - R:localhost/127.0.0.1:49944]' for 'POST' to 'http://localhost:49944/session/0b4a01cccf3457b04d646cfca3d018cf/element/d756b966-e06a-4074-9ffb-a7105f7eed9c/click'
16:34:43.475 [Forwarding clickElement on session 0b4a01cccf3457b04d646cfca3d018cf to remote] DEBUG org.asynchttpclient.netty.request.NettyRequestSender - Using open Channel [id: 0x96d90250, L:/127.0.0.1:60604 - R:localhost/127.0.0.1:49944] for POST '/session/0b4a01cccf3457b04d646cfca3d018cf/element/d756b966-e06a-4074-9ffb-a7105f7eed9c/click'
16:34:43.529 [AsyncHttpClient-1-2] DEBUG org.asynchttpclient.netty.handler.HttpHandler - 

Request DefaultHttpRequest(decodeResult: success, version: HTTP/1.1)
POST /session/0b4a01cccf3457b04d646cfca3d018cf/element/d756b966-e06a-4074-9ffb-a7105f7eed9c/click HTTP/1.1
User-Agent: selenium/4.1.3 (java windows)
Content-Length: 50
Content-Type: application/json; charset=utf-8
host: localhost:49944
accept: */*

Response DefaultHttpResponse(decodeResult: success, version: HTTP/1.1)
HTTP/1.1 200 OK
Content-Type: application/json; charset=utf-8
cache-control: no-cache
content-length: 14

16:34:43.529 [AsyncHttpClient-1-2] DEBUG org.asynchttpclient.netty.channel.ChannelManager - Adding key: http://localhost:49944 for channel [id: 0x96d90250, L:/127.0.0.1:60604 - R:localhost/127.0.0.1:49944]
16:34:43.531 [Forwarding findElement on session 0b4a01cccf3457b04d646cfca3d018cf to remote] DEBUG org.asynchttpclient.netty.request.NettyRequestSender - Using pooled Channel '[id: 0x96d90250, L:/127.0.0.1:60604 - R:localhost/127.0.0.1:49944]' for 'POST' to 'http://localhost:49944/session/0b4a01cccf3457b04d646cfca3d018cf/element'
16:34:43.531 [Forwarding findElement on session 0b4a01cccf3457b04d646cfca3d018cf to remote] DEBUG org.asynchttpclient.netty.request.NettyRequestSender - Using open Channel [id: 0x96d90250, L:/127.0.0.1:60604 - R:localhost/127.0.0.1:49944] for POST '/session/0b4a01cccf3457b04d646cfca3d018cf/element'
16:34:43.549 [AsyncHttpClient-1-2] DEBUG org.asynchttpclient.netty.handler.HttpHandler - 

Request DefaultHttpRequest(decodeResult: success, version: HTTP/1.1)
POST /session/0b4a01cccf3457b04d646cfca3d018cf/element HTTP/1.1
User-Agent: selenium/4.1.3 (java windows)
Content-Length: 110
Content-Type: application/json; charset=utf-8
host: localhost:49944
accept: */*

Response DefaultHttpResponse(decodeResult: success, version: HTTP/1.1)
HTTP/1.1 200 OK
Content-Type: application/json; charset=utf-8
cache-control: no-cache
content-length: 88

16:34:43.550 [AsyncHttpClient-1-2] DEBUG org.asynchttpclient.netty.channel.ChannelManager - Adding key: http://localhost:49944 for channel [id: 0x96d90250, L:/127.0.0.1:60604 - R:localhost/127.0.0.1:49944]
16:34:43.553 [Forwarding clearElement on session 0b4a01cccf3457b04d646cfca3d018cf to remote] DEBUG org.asynchttpclient.netty.request.NettyRequestSender - Using pooled Channel '[id: 0x96d90250, L:/127.0.0.1:60604 - R:localhost/127.0.0.1:49944]' for 'POST' to 'http://localhost:49944/session/0b4a01cccf3457b04d646cfca3d018cf/element/d756b966-e06a-4074-9ffb-a7105f7eed9c/clear'
16:34:43.553 [Forwarding clearElement on session 0b4a01cccf3457b04d646cfca3d018cf to remote] DEBUG org.asynchttpclient.netty.request.NettyRequestSender - Using open Channel [id: 0x96d90250, L:/127.0.0.1:60604 - R:localhost/127.0.0.1:49944] for POST '/session/0b4a01cccf3457b04d646cfca3d018cf/element/d756b966-e06a-4074-9ffb-a7105f7eed9c/clear'
16:34:43.584 [AsyncHttpClient-1-2] DEBUG org.asynchttpclient.netty.handler.HttpHandler - 

Request DefaultHttpRequest(decodeResult: success, version: HTTP/1.1)
POST /session/0b4a01cccf3457b04d646cfca3d018cf/element/d756b966-e06a-4074-9ffb-a7105f7eed9c/clear HTTP/1.1
User-Agent: selenium/4.1.3 (java windows)
Content-Length: 50
Content-Type: application/json; charset=utf-8
host: localhost:49944
accept: */*

Response DefaultHttpResponse(decodeResult: success, version: HTTP/1.1)
HTTP/1.1 200 OK
Content-Type: application/json; charset=utf-8
cache-control: no-cache
content-length: 14

16:34:43.584 [AsyncHttpClient-1-2] DEBUG org.asynchttpclient.netty.channel.ChannelManager - Adding key: http://localhost:49944 for channel [id: 0x96d90250, L:/127.0.0.1:60604 - R:localhost/127.0.0.1:49944]
16:34:43.585 [Forwarding findElement on session 0b4a01cccf3457b04d646cfca3d018cf to remote] DEBUG org.asynchttpclient.netty.request.NettyRequestSender - Using pooled Channel '[id: 0x96d90250, L:/127.0.0.1:60604 - R:localhost/127.0.0.1:49944]' for 'POST' to 'http://localhost:49944/session/0b4a01cccf3457b04d646cfca3d018cf/element'
16:34:43.585 [Forwarding findElement on session 0b4a01cccf3457b04d646cfca3d018cf to remote] DEBUG org.asynchttpclient.netty.request.NettyRequestSender - Using open Channel [id: 0x96d90250, L:/127.0.0.1:60604 - R:localhost/127.0.0.1:49944] for POST '/session/0b4a01cccf3457b04d646cfca3d018cf/element'
16:34:43.594 [AsyncHttpClient-1-2] DEBUG org.asynchttpclient.netty.handler.HttpHandler - 

Request DefaultHttpRequest(decodeResult: success, version: HTTP/1.1)
POST /session/0b4a01cccf3457b04d646cfca3d018cf/element HTTP/1.1
User-Agent: selenium/4.1.3 (java windows)
Content-Length: 110
Content-Type: application/json; charset=utf-8
host: localhost:49944
accept: */*

Response DefaultHttpResponse(decodeResult: success, version: HTTP/1.1)
HTTP/1.1 200 OK
Content-Type: application/json; charset=utf-8
cache-control: no-cache
content-length: 88

16:34:43.594 [AsyncHttpClient-1-2] DEBUG org.asynchttpclient.netty.channel.ChannelManager - Adding key: http://localhost:49944 for channel [id: 0x96d90250, L:/127.0.0.1:60604 - R:localhost/127.0.0.1:49944]
16:34:43.597 [Forwarding sendKeysToElement on session 0b4a01cccf3457b04d646cfca3d018cf to remote] DEBUG org.asynchttpclient.netty.request.NettyRequestSender - Using pooled Channel '[id: 0x96d90250, L:/127.0.0.1:60604 - R:localhost/127.0.0.1:49944]' for 'POST' to 'http://localhost:49944/session/0b4a01cccf3457b04d646cfca3d018cf/element/d756b966-e06a-4074-9ffb-a7105f7eed9c/value'
16:34:43.597 [Forwarding sendKeysToElement on session 0b4a01cccf3457b04d646cfca3d018cf to remote] DEBUG org.asynchttpclient.netty.request.NettyRequestSender - Using open Channel [id: 0x96d90250, L:/127.0.0.1:60604 - R:localhost/127.0.0.1:49944] for POST '/session/0b4a01cccf3457b04d646cfca3d018cf/element/d756b966-e06a-4074-9ffb-a7105f7eed9c/value'
16:34:43.660 [AsyncHttpClient-1-2] DEBUG org.asynchttpclient.netty.handler.HttpHandler - 

Request DefaultHttpRequest(decodeResult: success, version: HTTP/1.1)
POST /session/0b4a01cccf3457b04d646cfca3d018cf/element/d756b966-e06a-4074-9ffb-a7105f7eed9c/value HTTP/1.1
User-Agent: selenium/4.1.3 (java windows)
Content-Length: 201
Content-Type: application/json; charset=utf-8
host: localhost:49944
accept: */*

Response DefaultHttpResponse(decodeResult: success, version: HTTP/1.1)
HTTP/1.1 200 OK
Content-Type: application/json; charset=utf-8
cache-control: no-cache
content-length: 14

16:34:43.660 [AsyncHttpClient-1-2] DEBUG org.asynchttpclient.netty.channel.ChannelManager - Adding key: http://localhost:49944 for channel [id: 0x96d90250, L:/127.0.0.1:60604 - R:localhost/127.0.0.1:49944]
16:34:43.666 [Forwarding findElement on session 0b4a01cccf3457b04d646cfca3d018cf to remote] DEBUG org.asynchttpclient.netty.request.NettyRequestSender - Using pooled Channel '[id: 0x96d90250, L:/127.0.0.1:60604 - R:localhost/127.0.0.1:49944]' for 'POST' to 'http://localhost:49944/session/0b4a01cccf3457b04d646cfca3d018cf/element'
16:34:43.666 [Forwarding findElement on session 0b4a01cccf3457b04d646cfca3d018cf to remote] DEBUG org.asynchttpclient.netty.request.NettyRequestSender - Using open Channel [id: 0x96d90250, L:/127.0.0.1:60604 - R:localhost/127.0.0.1:49944] for POST '/session/0b4a01cccf3457b04d646cfca3d018cf/element'
16:34:43.677 [AsyncHttpClient-1-2] DEBUG org.asynchttpclient.netty.handler.HttpHandler - 

Request DefaultHttpRequest(decodeResult: success, version: HTTP/1.1)
POST /session/0b4a01cccf3457b04d646cfca3d018cf/element HTTP/1.1
User-Agent: selenium/4.1.3 (java windows)
Content-Length: 272
Content-Type: application/json; charset=utf-8
host: localhost:49944
accept: */*

Response DefaultHttpResponse(decodeResult: success, version: HTTP/1.1)
HTTP/1.1 200 OK
Content-Type: application/json; charset=utf-8
cache-control: no-cache
content-length: 88

16:34:43.677 [AsyncHttpClient-1-2] DEBUG org.asynchttpclient.netty.channel.ChannelManager - Adding key: http://localhost:49944 for channel [id: 0x96d90250, L:/127.0.0.1:60604 - R:localhost/127.0.0.1:49944]
16:34:43.680 [Forwarding clickElement on session 0b4a01cccf3457b04d646cfca3d018cf to remote] DEBUG org.asynchttpclient.netty.request.NettyRequestSender - Using pooled Channel '[id: 0x96d90250, L:/127.0.0.1:60604 - R:localhost/127.0.0.1:49944]' for 'POST' to 'http://localhost:49944/session/0b4a01cccf3457b04d646cfca3d018cf/element/a87ccec5-3c40-4be6-b836-0d950fecc9e0/click'
16:34:43.680 [Forwarding clickElement on session 0b4a01cccf3457b04d646cfca3d018cf to remote] DEBUG org.asynchttpclient.netty.request.NettyRequestSender - Using open Channel [id: 0x96d90250, L:/127.0.0.1:60604 - R:localhost/127.0.0.1:49944] for POST '/session/0b4a01cccf3457b04d646cfca3d018cf/element/a87ccec5-3c40-4be6-b836-0d950fecc9e0/click'
16:34:43.749 [AsyncHttpClient-1-2] DEBUG org.asynchttpclient.netty.handler.HttpHandler - 

Request DefaultHttpRequest(decodeResult: success, version: HTTP/1.1)
POST /session/0b4a01cccf3457b04d646cfca3d018cf/element/a87ccec5-3c40-4be6-b836-0d950fecc9e0/click HTTP/1.1
User-Agent: selenium/4.1.3 (java windows)
Content-Length: 50
Content-Type: application/json; charset=utf-8
host: localhost:49944
accept: */*

Response DefaultHttpResponse(decodeResult: success, version: HTTP/1.1)
HTTP/1.1 200 OK
Content-Type: application/json; charset=utf-8
cache-control: no-cache
content-length: 14

16:34:43.749 [AsyncHttpClient-1-2] DEBUG org.asynchttpclient.netty.channel.ChannelManager - Adding key: http://localhost:49944 for channel [id: 0x96d90250, L:/127.0.0.1:60604 - R:localhost/127.0.0.1:49944]
]]></system-out>
  <system-err><![CDATA[Starting ChromeDriver 107.0.5304.62 (1eec40d3a5764881c92085aaee66d25075c159aa-refs/branch-heads/5304@{#942}) on port 49944
Only local connections are allowed.
Please see https://chromedriver.chromium.org/security-considerations for suggestions on keeping ChromeDriver safe.
ChromeDriver was started successfully.
[1672061678.113][WARNING]: This version of ChromeDriver has not been tested with Chrome version 108.
дек 26, 2022 4:34:38 PM org.openqa.selenium.remote.ProtocolHandshake createSession
INFO: Detected dialect: W3C
дек 26, 2022 4:34:38 PM org.openqa.selenium.devtools.CdpVersionFinder findNearestMatch
WARNING: Unable to find an exact match for CDP version 108, so returning the closest version found: a no-op implementation
дек 26, 2022 4:34:38 PM org.openqa.selenium.devtools.CdpVersionFinder findNearestMatch
INFO: Unable to find CDP implementation matching 108.
дек 26, 2022 4:34:38 PM org.openqa.selenium.chromium.ChromiumDriver lambda$new$3
WARNING: Unable to find version of CDP to use for . You may need to include a dependency on a specific version of the CDP using something similar to `org.seleniumhq.selenium:selenium-devtools-v86:4.1.3` where the version ("v86") matches the version of the chromium-based browser you're using and the version number of the artifact is the same as Selenium's.
]]></system-err>
</testsuite>
