<?xml version="1.0" encoding="UTF-8"?>
<testsuite name="ru.stqa.pft.idsys.tests.CreationDocTest" tests="1" skipped="0" failures="0" errors="0" timestamp="2022-12-28T15:02:27" hostname="SKLN" time="4.676">
  <properties/>
  <testcase name="testDocCreation" classname="ru.stqa.pft.idsys.tests.CreationDocTest" time="4.676"/>
  <system-out><![CDATA[18:02:21.312 [Test worker] DEBUG io.netty.util.internal.logging.InternalLoggerFactory - Using SLF4J as the default logging framework
18:02:21.314 [Test worker] DEBUG io.netty.util.ResourceLeakDetector - -Dio.netty.leakDetection.level: simple
18:02:21.315 [Test worker] DEBUG io.netty.util.ResourceLeakDetector - -Dio.netty.leakDetection.targetRecords: 4
18:02:21.320 [Test worker] DEBUG io.netty.util.ResourceLeakDetectorFactory - Loaded default ResourceLeakDetector: io.netty.util.ResourceLeakDetector@6340e5f0
18:02:21.339 [Test worker] DEBUG io.netty.util.internal.PlatformDependent0 - -Dio.netty.noUnsafe: false
18:02:21.339 [Test worker] DEBUG io.netty.util.internal.PlatformDependent0 - Java version: 8
18:02:21.341 [Test worker] DEBUG io.netty.util.internal.PlatformDependent0 - sun.misc.Unsafe.theUnsafe: available
18:02:21.342 [Test worker] DEBUG io.netty.util.internal.PlatformDependent0 - sun.misc.Unsafe.copyMemory: available
18:02:21.342 [Test worker] DEBUG io.netty.util.internal.PlatformDependent0 - java.nio.Buffer.address: available
18:02:21.343 [Test worker] DEBUG io.netty.util.internal.PlatformDependent0 - direct buffer constructor: available
18:02:21.344 [Test worker] DEBUG io.netty.util.internal.PlatformDependent0 - java.nio.Bits.unaligned: available, true
18:02:21.344 [Test worker] DEBUG io.netty.util.internal.PlatformDependent0 - jdk.internal.misc.Unsafe.allocateUninitializedArray(int): unavailable prior to Java9
18:02:21.345 [Test worker] DEBUG io.netty.util.internal.PlatformDependent0 - java.nio.DirectByteBuffer.<init>(long, int): available
18:02:21.345 [Test worker] DEBUG io.netty.util.internal.PlatformDependent - sun.misc.Unsafe: available
18:02:21.351 [Test worker] DEBUG io.netty.util.internal.PlatformDependent - -Dio.netty.tmpdir: C:\Users\SKLN\AppData\Local\Temp (java.io.tmpdir)
18:02:21.352 [Test worker] DEBUG io.netty.util.internal.PlatformDependent - -Dio.netty.bitMode: 64 (sun.arch.data.model)
18:02:21.353 [Test worker] DEBUG io.netty.util.internal.PlatformDependent - Platform: Windows
18:02:21.354 [Test worker] DEBUG io.netty.util.internal.PlatformDependent - -Dio.netty.maxDirectMemory: 477626368 bytes
18:02:21.355 [Test worker] DEBUG io.netty.util.internal.PlatformDependent - -Dio.netty.uninitializedArrayAllocationThreshold: -1
18:02:21.357 [Test worker] DEBUG io.netty.util.internal.CleanerJava6 - java.nio.ByteBuffer.cleaner(): available
18:02:21.357 [Test worker] DEBUG io.netty.util.internal.PlatformDependent - -Dio.netty.noPreferDirect: false
18:02:21.368 [Test worker] DEBUG io.netty.util.internal.PlatformDependent - org.jctools-core.MpscChunkedArrayQueue: available
18:02:21.390 [Test worker] DEBUG io.netty.util.internal.InternalThreadLocalMap - -Dio.netty.threadLocalMap.stringBuilder.initialSize: 1024
18:02:21.390 [Test worker] DEBUG io.netty.util.internal.InternalThreadLocalMap - -Dio.netty.threadLocalMap.stringBuilder.maxSize: 4096
18:02:22.266 [Test worker] DEBUG io.netty.handler.ssl.JdkSslContext - Default protocols (JDK): [TLSv1.2, TLSv1.1, TLSv1] 
18:02:22.266 [Test worker] DEBUG io.netty.handler.ssl.JdkSslContext - Default cipher suites (JDK): [TLS_ECDHE_ECDSA_WITH_AES_256_GCM_SHA384, TLS_ECDHE_ECDSA_WITH_AES_128_GCM_SHA256, TLS_ECDHE_RSA_WITH_AES_128_GCM_SHA256, TLS_ECDHE_RSA_WITH_AES_256_GCM_SHA384, TLS_ECDHE_RSA_WITH_AES_128_CBC_SHA, TLS_ECDHE_RSA_WITH_AES_256_CBC_SHA, TLS_RSA_WITH_AES_128_GCM_SHA256, TLS_RSA_WITH_AES_128_CBC_SHA, TLS_RSA_WITH_AES_256_CBC_SHA]
18:02:22.295 [Test worker] DEBUG io.netty.channel.MultithreadEventLoopGroup - -Dio.netty.eventLoopThreads: 4
18:02:22.303 [Test worker] DEBUG io.netty.channel.nio.NioEventLoop - -Dio.netty.noKeySetOptimization: false
18:02:22.304 [Test worker] DEBUG io.netty.channel.nio.NioEventLoop - -Dio.netty.selectorAutoRebuildThreshold: 512
18:02:22.342 [Test worker] DEBUG io.netty.buffer.PooledByteBufAllocator - -Dio.netty.allocator.numHeapArenas: 4
18:02:22.342 [Test worker] DEBUG io.netty.buffer.PooledByteBufAllocator - -Dio.netty.allocator.numDirectArenas: 4
18:02:22.342 [Test worker] DEBUG io.netty.buffer.PooledByteBufAllocator - -Dio.netty.allocator.pageSize: 8192
18:02:22.342 [Test worker] DEBUG io.netty.buffer.PooledByteBufAllocator - -Dio.netty.allocator.maxOrder: 9
18:02:22.342 [Test worker] DEBUG io.netty.buffer.PooledByteBufAllocator - -Dio.netty.allocator.chunkSize: 4194304
18:02:22.342 [Test worker] DEBUG io.netty.buffer.PooledByteBufAllocator - -Dio.netty.allocator.smallCacheSize: 256
18:02:22.342 [Test worker] DEBUG io.netty.buffer.PooledByteBufAllocator - -Dio.netty.allocator.normalCacheSize: 64
18:02:22.342 [Test worker] DEBUG io.netty.buffer.PooledByteBufAllocator - -Dio.netty.allocator.maxCachedBufferCapacity: 32768
18:02:22.343 [Test worker] DEBUG io.netty.buffer.PooledByteBufAllocator - -Dio.netty.allocator.cacheTrimInterval: 8192
18:02:22.343 [Test worker] DEBUG io.netty.buffer.PooledByteBufAllocator - -Dio.netty.allocator.cacheTrimIntervalMillis: 0
18:02:22.343 [Test worker] DEBUG io.netty.buffer.PooledByteBufAllocator - -Dio.netty.allocator.useCacheForAllThreads: false
18:02:22.344 [Test worker] DEBUG io.netty.buffer.PooledByteBufAllocator - -Dio.netty.allocator.maxCachedByteBuffersPerChunk: 1023
18:02:22.356 [Test worker] DEBUG io.netty.buffer.ByteBufUtil - -Dio.netty.allocator.type: pooled
18:02:22.356 [Test worker] DEBUG io.netty.buffer.ByteBufUtil - -Dio.netty.threadLocalDirectBufferSize: 0
18:02:22.356 [Test worker] DEBUG io.netty.buffer.ByteBufUtil - -Dio.netty.maxThreadLocalCharBufferSize: 16384
18:02:23.257 [Forwarding newSession on session null to remote] DEBUG io.netty.channel.DefaultChannelId - -Dio.netty.processId: 27000 (auto-detected)
18:02:23.261 [Forwarding newSession on session null to remote] DEBUG io.netty.util.NetUtil - -Djava.net.preferIPv4Stack: false
18:02:23.261 [Forwarding newSession on session null to remote] DEBUG io.netty.util.NetUtil - -Djava.net.preferIPv6Addresses: false
18:02:23.889 [Forwarding newSession on session null to remote] DEBUG io.netty.util.NetUtilInitializations - Loopback interface: lo (Software Loopback Interface 1, 127.0.0.1)
18:02:23.890 [Forwarding newSession on session null to remote] DEBUG io.netty.util.NetUtil - Failed to get SOMAXCONN from sysctl and file \proc\sys\net\core\somaxconn. Default: 200
18:02:24.516 [Forwarding newSession on session null to remote] DEBUG io.netty.channel.DefaultChannelId - -Dio.netty.machineId: 34:34:34:ff:fe:00:00:00 (auto-detected)
18:02:24.569 [AsyncHttpClient-1-2] DEBUG io.netty.buffer.AbstractByteBuf - -Dio.netty.buffer.checkAccessible: true
18:02:24.570 [AsyncHttpClient-1-2] DEBUG io.netty.buffer.AbstractByteBuf - -Dio.netty.buffer.checkBounds: true
18:02:24.572 [AsyncHttpClient-1-2] DEBUG io.netty.util.ResourceLeakDetectorFactory - Loaded default ResourceLeakDetector: io.netty.util.ResourceLeakDetector@d522387
18:02:24.587 [AsyncHttpClient-1-2] DEBUG org.asynchttpclient.netty.channel.NettyConnectListener - Using new Channel '[id: 0x80b28f4a, L:/127.0.0.1:55179 - R:localhost/127.0.0.1:56441]' for 'POST' to '/session'
18:02:24.605 [AsyncHttpClient-1-2] DEBUG io.netty.util.Recycler - -Dio.netty.recycler.maxCapacityPerThread: 4096
18:02:24.605 [AsyncHttpClient-1-2] DEBUG io.netty.util.Recycler - -Dio.netty.recycler.ratio: 8
18:02:24.606 [AsyncHttpClient-1-2] DEBUG io.netty.util.Recycler - -Dio.netty.recycler.chunkSize: 32
18:02:24.606 [AsyncHttpClient-1-2] DEBUG io.netty.util.Recycler - -Dio.netty.recycler.blocking: false
18:02:25.744 [AsyncHttpClient-1-2] DEBUG io.netty.handler.codec.compression.Brotli - brotli4j not in the classpath; Brotli support will be unavailable.
18:02:25.744 [AsyncHttpClient-1-2] DEBUG org.asynchttpclient.netty.handler.HttpHandler - 

Request DefaultHttpRequest(decodeResult: success, version: HTTP/1.1)
POST /session HTTP/1.1
User-Agent: selenium/4.1.3 (java windows)
Content-Length: 365
Content-Type: application/json; charset=utf-8
host: localhost:56441
accept: */*

Response DefaultHttpResponse(decodeResult: success, version: HTTP/1.1)
HTTP/1.1 200 OK
Content-Type: application/json; charset=utf-8
cache-control: no-cache
content-length: 790

18:02:25.752 [AsyncHttpClient-1-2] DEBUG org.asynchttpclient.netty.channel.ChannelManager - Adding key: http://localhost:56441 for channel [id: 0x80b28f4a, L:/127.0.0.1:55179 - R:localhost/127.0.0.1:56441]
18:02:25.860 [AsyncHttpClient-1-3] DEBUG org.asynchttpclient.netty.channel.NettyConnectListener - Using new Channel '[id: 0xd79010b8, L:/127.0.0.1:55189 - R:localhost/127.0.0.1:55181]' for 'GET' to '/json/version'
18:02:25.863 [AsyncHttpClient-1-3] DEBUG org.asynchttpclient.netty.handler.HttpHandler - 

Request DefaultFullHttpRequest(decodeResult: success, version: HTTP/1.1, content: EmptyByteBufBE)
GET /json/version HTTP/1.1
User-Agent: selenium/4.1.3 (java windows)
host: localhost:55181
accept: */*

Response DefaultHttpResponse(decodeResult: success, version: HTTP/1.1)
HTTP/1.1 200 OK
Content-Type: application/json; charset=UTF-8
content-length: 424

18:02:25.863 [AsyncHttpClient-1-3] DEBUG org.asynchttpclient.netty.channel.ChannelManager - Adding key: http://localhost:55181 for channel [id: 0xd79010b8, L:/127.0.0.1:55189 - R:localhost/127.0.0.1:55181]
18:02:25.874 [Test worker] DEBUG io.netty.util.internal.ThreadLocalRandom - -Dio.netty.initialSeedUniquifier: 0x90d92dbeeb2c418f
18:02:25.885 [AsyncHttpClient-1-4] DEBUG org.asynchttpclient.netty.channel.NettyConnectListener - Using new Channel '[id: 0x26ba73c1, L:/127.0.0.1:55190 - R:localhost/127.0.0.1:55181]' for 'GET' to '/devtools/browser/f3c66107-5368-484c-b87b-e185b3e33a4f'
18:02:25.889 [AsyncHttpClient-1-4] DEBUG org.asynchttpclient.netty.handler.WebSocketHandler - 

Request DefaultFullHttpRequest(decodeResult: success, version: HTTP/1.1, content: EmptyByteBufBE)
GET /devtools/browser/f3c66107-5368-484c-b87b-e185b3e33a4f HTTP/1.1
upgrade: websocket
connection: upgrade
sec-websocket-key: V2b/qDu9S/mTIn/4VSjnOA==
sec-websocket-version: 13
origin: http://localhost:55181
host: localhost:55181
accept: */*
user-agent: AHC/2.1

Response DefaultHttpResponse(decodeResult: success, version: HTTP/1.1)
HTTP/1.1 101 WebSocket Protocol Handshake
Upgrade: WebSocket
Connection: Upgrade
Sec-WebSocket-Accept: PYRDGDLoJLh220yt2fJHytfVX28=

18:02:25.945 [Forwarding get on session fe4bc13e160dc877292ee7af4a07f0de to remote] DEBUG org.asynchttpclient.netty.request.NettyRequestSender - Using pooled Channel '[id: 0x80b28f4a, L:/127.0.0.1:55179 - R:localhost/127.0.0.1:56441]' for 'POST' to 'http://localhost:56441/session/fe4bc13e160dc877292ee7af4a07f0de/url'
18:02:25.946 [Forwarding get on session fe4bc13e160dc877292ee7af4a07f0de to remote] DEBUG org.asynchttpclient.netty.request.NettyRequestSender - Using open Channel [id: 0x80b28f4a, L:/127.0.0.1:55179 - R:localhost/127.0.0.1:56441] for POST '/session/fe4bc13e160dc877292ee7af4a07f0de/url'
18:02:26.575 [AsyncHttpClient-1-1] DEBUG org.asynchttpclient.netty.channel.DefaultChannelPool - Entry count for : http://localhost:55181 : 1
18:02:26.729 [AsyncHttpClient-1-2] DEBUG org.asynchttpclient.netty.handler.HttpHandler - 

Request DefaultHttpRequest(decodeResult: success, version: HTTP/1.1)
POST /session/fe4bc13e160dc877292ee7af4a07f0de/url HTTP/1.1
User-Agent: selenium/4.1.3 (java windows)
Content-Length: 73
Content-Type: application/json; charset=utf-8
host: localhost:56441
accept: */*

Response DefaultHttpResponse(decodeResult: success, version: HTTP/1.1)
HTTP/1.1 200 OK
Content-Type: application/json; charset=utf-8
cache-control: no-cache
content-length: 14

18:02:26.730 [AsyncHttpClient-1-2] DEBUG org.asynchttpclient.netty.channel.ChannelManager - Adding key: http://localhost:56441 for channel [id: 0x80b28f4a, L:/127.0.0.1:55179 - R:localhost/127.0.0.1:56441]
18:02:26.745 [Forwarding setTimeout on session fe4bc13e160dc877292ee7af4a07f0de to remote] DEBUG org.asynchttpclient.netty.request.NettyRequestSender - Using pooled Channel '[id: 0x80b28f4a, L:/127.0.0.1:55179 - R:localhost/127.0.0.1:56441]' for 'POST' to 'http://localhost:56441/session/fe4bc13e160dc877292ee7af4a07f0de/timeouts'
18:02:26.745 [Forwarding setTimeout on session fe4bc13e160dc877292ee7af4a07f0de to remote] DEBUG org.asynchttpclient.netty.request.NettyRequestSender - Using open Channel [id: 0x80b28f4a, L:/127.0.0.1:55179 - R:localhost/127.0.0.1:56441] for POST '/session/fe4bc13e160dc877292ee7af4a07f0de/timeouts'
18:02:26.748 [AsyncHttpClient-1-2] DEBUG org.asynchttpclient.netty.handler.HttpHandler - 

Request DefaultHttpRequest(decodeResult: success, version: HTTP/1.1)
POST /session/fe4bc13e160dc877292ee7af4a07f0de/timeouts HTTP/1.1
User-Agent: selenium/4.1.3 (java windows)
Content-Length: 22
Content-Type: application/json; charset=utf-8
host: localhost:56441
accept: */*

Response DefaultHttpResponse(decodeResult: success, version: HTTP/1.1)
HTTP/1.1 200 OK
Content-Type: application/json; charset=utf-8
cache-control: no-cache
content-length: 14

18:02:26.749 [AsyncHttpClient-1-2] DEBUG org.asynchttpclient.netty.channel.ChannelManager - Adding key: http://localhost:56441 for channel [id: 0x80b28f4a, L:/127.0.0.1:55179 - R:localhost/127.0.0.1:56441]
18:02:26.752 [Forwarding findElement on session fe4bc13e160dc877292ee7af4a07f0de to remote] DEBUG org.asynchttpclient.netty.request.NettyRequestSender - Using pooled Channel '[id: 0x80b28f4a, L:/127.0.0.1:55179 - R:localhost/127.0.0.1:56441]' for 'POST' to 'http://localhost:56441/session/fe4bc13e160dc877292ee7af4a07f0de/element'
18:02:26.753 [Forwarding findElement on session fe4bc13e160dc877292ee7af4a07f0de to remote] DEBUG org.asynchttpclient.netty.request.NettyRequestSender - Using open Channel [id: 0x80b28f4a, L:/127.0.0.1:55179 - R:localhost/127.0.0.1:56441] for POST '/session/fe4bc13e160dc877292ee7af4a07f0de/element'
18:02:27.127 [AsyncHttpClient-1-2] DEBUG org.asynchttpclient.netty.handler.HttpHandler - 

Request DefaultHttpRequest(decodeResult: success, version: HTTP/1.1)
POST /session/fe4bc13e160dc877292ee7af4a07f0de/element HTTP/1.1
User-Agent: selenium/4.1.3 (java windows)
Content-Length: 61
Content-Type: application/json; charset=utf-8
host: localhost:56441
accept: */*

Response DefaultHttpResponse(decodeResult: success, version: HTTP/1.1)
HTTP/1.1 200 OK
Content-Type: application/json; charset=utf-8
cache-control: no-cache
content-length: 88

18:02:27.132 [AsyncHttpClient-1-2] DEBUG org.asynchttpclient.netty.channel.ChannelManager - Adding key: http://localhost:56441 for channel [id: 0x80b28f4a, L:/127.0.0.1:55179 - R:localhost/127.0.0.1:56441]
18:02:27.154 [Forwarding clickElement on session fe4bc13e160dc877292ee7af4a07f0de to remote] DEBUG org.asynchttpclient.netty.request.NettyRequestSender - Using pooled Channel '[id: 0x80b28f4a, L:/127.0.0.1:55179 - R:localhost/127.0.0.1:56441]' for 'POST' to 'http://localhost:56441/session/fe4bc13e160dc877292ee7af4a07f0de/element/fff05e81-a5bc-4fc0-bc29-eef6cdf070e5/click'
18:02:27.154 [Forwarding clickElement on session fe4bc13e160dc877292ee7af4a07f0de to remote] DEBUG org.asynchttpclient.netty.request.NettyRequestSender - Using open Channel [id: 0x80b28f4a, L:/127.0.0.1:55179 - R:localhost/127.0.0.1:56441] for POST '/session/fe4bc13e160dc877292ee7af4a07f0de/element/fff05e81-a5bc-4fc0-bc29-eef6cdf070e5/click'
18:02:27.368 [AsyncHttpClient-1-2] DEBUG org.asynchttpclient.netty.handler.HttpHandler - 

Request DefaultHttpRequest(decodeResult: success, version: HTTP/1.1)
POST /session/fe4bc13e160dc877292ee7af4a07f0de/element/fff05e81-a5bc-4fc0-bc29-eef6cdf070e5/click HTTP/1.1
User-Agent: selenium/4.1.3 (java windows)
Content-Length: 50
Content-Type: application/json; charset=utf-8
host: localhost:56441
accept: */*

Response DefaultHttpResponse(decodeResult: success, version: HTTP/1.1)
HTTP/1.1 200 OK
Content-Type: application/json; charset=utf-8
cache-control: no-cache
content-length: 14

18:02:27.368 [AsyncHttpClient-1-2] DEBUG org.asynchttpclient.netty.channel.ChannelManager - Adding key: http://localhost:56441 for channel [id: 0x80b28f4a, L:/127.0.0.1:55179 - R:localhost/127.0.0.1:56441]
18:02:27.370 [Forwarding findElement on session fe4bc13e160dc877292ee7af4a07f0de to remote] DEBUG org.asynchttpclient.netty.request.NettyRequestSender - Using pooled Channel '[id: 0x80b28f4a, L:/127.0.0.1:55179 - R:localhost/127.0.0.1:56441]' for 'POST' to 'http://localhost:56441/session/fe4bc13e160dc877292ee7af4a07f0de/element'
18:02:27.370 [Forwarding findElement on session fe4bc13e160dc877292ee7af4a07f0de to remote] DEBUG org.asynchttpclient.netty.request.NettyRequestSender - Using open Channel [id: 0x80b28f4a, L:/127.0.0.1:55179 - R:localhost/127.0.0.1:56441] for POST '/session/fe4bc13e160dc877292ee7af4a07f0de/element'
18:02:27.381 [AsyncHttpClient-1-2] DEBUG org.asynchttpclient.netty.handler.HttpHandler - 

Request DefaultHttpRequest(decodeResult: success, version: HTTP/1.1)
POST /session/fe4bc13e160dc877292ee7af4a07f0de/element HTTP/1.1
User-Agent: selenium/4.1.3 (java windows)
Content-Length: 61
Content-Type: application/json; charset=utf-8
host: localhost:56441
accept: */*

Response DefaultHttpResponse(decodeResult: success, version: HTTP/1.1)
HTTP/1.1 200 OK
Content-Type: application/json; charset=utf-8
cache-control: no-cache
content-length: 88

18:02:27.381 [AsyncHttpClient-1-2] DEBUG org.asynchttpclient.netty.channel.ChannelManager - Adding key: http://localhost:56441 for channel [id: 0x80b28f4a, L:/127.0.0.1:55179 - R:localhost/127.0.0.1:56441]
18:02:27.400 [Forwarding getElementAttribute on session fe4bc13e160dc877292ee7af4a07f0de to remote] DEBUG org.asynchttpclient.netty.request.NettyRequestSender - Using pooled Channel '[id: 0x80b28f4a, L:/127.0.0.1:55179 - R:localhost/127.0.0.1:56441]' for 'POST' to 'http://localhost:56441/session/fe4bc13e160dc877292ee7af4a07f0de/execute/sync'
18:02:27.401 [Forwarding getElementAttribute on session fe4bc13e160dc877292ee7af4a07f0de to remote] DEBUG org.asynchttpclient.netty.request.NettyRequestSender - Using open Channel [id: 0x80b28f4a, L:/127.0.0.1:55179 - R:localhost/127.0.0.1:56441] for POST '/session/fe4bc13e160dc877292ee7af4a07f0de/execute/sync'
18:02:27.421 [AsyncHttpClient-1-2] DEBUG org.asynchttpclient.netty.handler.HttpHandler - 

Request DefaultHttpRequest(decodeResult: success, version: HTTP/1.1)
POST /session/fe4bc13e160dc877292ee7af4a07f0de/execute/sync HTTP/1.1
User-Agent: selenium/4.1.3 (java windows)
Content-Length: 47340
Content-Type: application/json; charset=utf-8
host: localhost:56441
accept: */*

Response DefaultHttpResponse(decodeResult: success, version: HTTP/1.1)
HTTP/1.1 200 OK
Content-Type: application/json; charset=utf-8
cache-control: no-cache
content-length: 12

18:02:27.422 [AsyncHttpClient-1-2] DEBUG org.asynchttpclient.netty.channel.ChannelManager - Adding key: http://localhost:56441 for channel [id: 0x80b28f4a, L:/127.0.0.1:55179 - R:localhost/127.0.0.1:56441]
18:02:27.424 [Forwarding findElement on session fe4bc13e160dc877292ee7af4a07f0de to remote] DEBUG org.asynchttpclient.netty.request.NettyRequestSender - Using pooled Channel '[id: 0x80b28f4a, L:/127.0.0.1:55179 - R:localhost/127.0.0.1:56441]' for 'POST' to 'http://localhost:56441/session/fe4bc13e160dc877292ee7af4a07f0de/element'
18:02:27.426 [Forwarding findElement on session fe4bc13e160dc877292ee7af4a07f0de to remote] DEBUG org.asynchttpclient.netty.request.NettyRequestSender - Using open Channel [id: 0x80b28f4a, L:/127.0.0.1:55179 - R:localhost/127.0.0.1:56441] for POST '/session/fe4bc13e160dc877292ee7af4a07f0de/element'
18:02:27.436 [AsyncHttpClient-1-2] DEBUG org.asynchttpclient.netty.handler.HttpHandler - 

Request DefaultHttpRequest(decodeResult: success, version: HTTP/1.1)
POST /session/fe4bc13e160dc877292ee7af4a07f0de/element HTTP/1.1
User-Agent: selenium/4.1.3 (java windows)
Content-Length: 61
Content-Type: application/json; charset=utf-8
host: localhost:56441
accept: */*

Response DefaultHttpResponse(decodeResult: success, version: HTTP/1.1)
HTTP/1.1 200 OK
Content-Type: application/json; charset=utf-8
cache-control: no-cache
content-length: 88

18:02:27.437 [AsyncHttpClient-1-2] DEBUG org.asynchttpclient.netty.channel.ChannelManager - Adding key: http://localhost:56441 for channel [id: 0x80b28f4a, L:/127.0.0.1:55179 - R:localhost/127.0.0.1:56441]
18:02:27.442 [Forwarding clearElement on session fe4bc13e160dc877292ee7af4a07f0de to remote] DEBUG org.asynchttpclient.netty.request.NettyRequestSender - Using pooled Channel '[id: 0x80b28f4a, L:/127.0.0.1:55179 - R:localhost/127.0.0.1:56441]' for 'POST' to 'http://localhost:56441/session/fe4bc13e160dc877292ee7af4a07f0de/element/fff05e81-a5bc-4fc0-bc29-eef6cdf070e5/clear'
18:02:27.442 [Forwarding clearElement on session fe4bc13e160dc877292ee7af4a07f0de to remote] DEBUG org.asynchttpclient.netty.request.NettyRequestSender - Using open Channel [id: 0x80b28f4a, L:/127.0.0.1:55179 - R:localhost/127.0.0.1:56441] for POST '/session/fe4bc13e160dc877292ee7af4a07f0de/element/fff05e81-a5bc-4fc0-bc29-eef6cdf070e5/clear'
18:02:27.470 [AsyncHttpClient-1-2] DEBUG org.asynchttpclient.netty.handler.HttpHandler - 

Request DefaultHttpRequest(decodeResult: success, version: HTTP/1.1)
POST /session/fe4bc13e160dc877292ee7af4a07f0de/element/fff05e81-a5bc-4fc0-bc29-eef6cdf070e5/clear HTTP/1.1
User-Agent: selenium/4.1.3 (java windows)
Content-Length: 50
Content-Type: application/json; charset=utf-8
host: localhost:56441
accept: */*

Response DefaultHttpResponse(decodeResult: success, version: HTTP/1.1)
HTTP/1.1 200 OK
Content-Type: application/json; charset=utf-8
cache-control: no-cache
content-length: 14

18:02:27.470 [AsyncHttpClient-1-2] DEBUG org.asynchttpclient.netty.channel.ChannelManager - Adding key: http://localhost:56441 for channel [id: 0x80b28f4a, L:/127.0.0.1:55179 - R:localhost/127.0.0.1:56441]
18:02:27.473 [Forwarding findElement on session fe4bc13e160dc877292ee7af4a07f0de to remote] DEBUG org.asynchttpclient.netty.request.NettyRequestSender - Using pooled Channel '[id: 0x80b28f4a, L:/127.0.0.1:55179 - R:localhost/127.0.0.1:56441]' for 'POST' to 'http://localhost:56441/session/fe4bc13e160dc877292ee7af4a07f0de/element'
18:02:27.474 [Forwarding findElement on session fe4bc13e160dc877292ee7af4a07f0de to remote] DEBUG org.asynchttpclient.netty.request.NettyRequestSender - Using open Channel [id: 0x80b28f4a, L:/127.0.0.1:55179 - R:localhost/127.0.0.1:56441] for POST '/session/fe4bc13e160dc877292ee7af4a07f0de/element'
18:02:27.482 [AsyncHttpClient-1-2] DEBUG org.asynchttpclient.netty.handler.HttpHandler - 

Request DefaultHttpRequest(decodeResult: success, version: HTTP/1.1)
POST /session/fe4bc13e160dc877292ee7af4a07f0de/element HTTP/1.1
User-Agent: selenium/4.1.3 (java windows)
Content-Length: 61
Content-Type: application/json; charset=utf-8
host: localhost:56441
accept: */*

Response DefaultHttpResponse(decodeResult: success, version: HTTP/1.1)
HTTP/1.1 200 OK
Content-Type: application/json; charset=utf-8
cache-control: no-cache
content-length: 88

18:02:27.483 [AsyncHttpClient-1-2] DEBUG org.asynchttpclient.netty.channel.ChannelManager - Adding key: http://localhost:56441 for channel [id: 0x80b28f4a, L:/127.0.0.1:55179 - R:localhost/127.0.0.1:56441]
18:02:27.489 [Forwarding sendKeysToElement on session fe4bc13e160dc877292ee7af4a07f0de to remote] DEBUG org.asynchttpclient.netty.request.NettyRequestSender - Using pooled Channel '[id: 0x80b28f4a, L:/127.0.0.1:55179 - R:localhost/127.0.0.1:56441]' for 'POST' to 'http://localhost:56441/session/fe4bc13e160dc877292ee7af4a07f0de/element/fff05e81-a5bc-4fc0-bc29-eef6cdf070e5/value'
18:02:27.489 [Forwarding sendKeysToElement on session fe4bc13e160dc877292ee7af4a07f0de to remote] DEBUG org.asynchttpclient.netty.request.NettyRequestSender - Using open Channel [id: 0x80b28f4a, L:/127.0.0.1:55179 - R:localhost/127.0.0.1:56441] for POST '/session/fe4bc13e160dc877292ee7af4a07f0de/element/fff05e81-a5bc-4fc0-bc29-eef6cdf070e5/value'
18:02:27.545 [AsyncHttpClient-1-2] DEBUG org.asynchttpclient.netty.handler.HttpHandler - 

Request DefaultHttpRequest(decodeResult: success, version: HTTP/1.1)
POST /session/fe4bc13e160dc877292ee7af4a07f0de/element/fff05e81-a5bc-4fc0-bc29-eef6cdf070e5/value HTTP/1.1
User-Agent: selenium/4.1.3 (java windows)
Content-Length: 161
Content-Type: application/json; charset=utf-8
host: localhost:56441
accept: */*

Response DefaultHttpResponse(decodeResult: success, version: HTTP/1.1)
HTTP/1.1 200 OK
Content-Type: application/json; charset=utf-8
cache-control: no-cache
content-length: 14

18:02:27.546 [AsyncHttpClient-1-2] DEBUG org.asynchttpclient.netty.channel.ChannelManager - Adding key: http://localhost:56441 for channel [id: 0x80b28f4a, L:/127.0.0.1:55179 - R:localhost/127.0.0.1:56441]
18:02:27.549 [Forwarding findElement on session fe4bc13e160dc877292ee7af4a07f0de to remote] DEBUG org.asynchttpclient.netty.request.NettyRequestSender - Using pooled Channel '[id: 0x80b28f4a, L:/127.0.0.1:55179 - R:localhost/127.0.0.1:56441]' for 'POST' to 'http://localhost:56441/session/fe4bc13e160dc877292ee7af4a07f0de/element'
18:02:27.549 [Forwarding findElement on session fe4bc13e160dc877292ee7af4a07f0de to remote] DEBUG org.asynchttpclient.netty.request.NettyRequestSender - Using open Channel [id: 0x80b28f4a, L:/127.0.0.1:55179 - R:localhost/127.0.0.1:56441] for POST '/session/fe4bc13e160dc877292ee7af4a07f0de/element'
18:02:27.563 [AsyncHttpClient-1-2] DEBUG org.asynchttpclient.netty.handler.HttpHandler - 

Request DefaultHttpRequest(decodeResult: success, version: HTTP/1.1)
POST /session/fe4bc13e160dc877292ee7af4a07f0de/element HTTP/1.1
User-Agent: selenium/4.1.3 (java windows)
Content-Length: 61
Content-Type: application/json; charset=utf-8
host: localhost:56441
accept: */*

Response DefaultHttpResponse(decodeResult: success, version: HTTP/1.1)
HTTP/1.1 200 OK
Content-Type: application/json; charset=utf-8
cache-control: no-cache
content-length: 88

18:02:27.563 [AsyncHttpClient-1-2] DEBUG org.asynchttpclient.netty.channel.ChannelManager - Adding key: http://localhost:56441 for channel [id: 0x80b28f4a, L:/127.0.0.1:55179 - R:localhost/127.0.0.1:56441]
18:02:27.566 [Forwarding clickElement on session fe4bc13e160dc877292ee7af4a07f0de to remote] DEBUG org.asynchttpclient.netty.request.NettyRequestSender - Using pooled Channel '[id: 0x80b28f4a, L:/127.0.0.1:55179 - R:localhost/127.0.0.1:56441]' for 'POST' to 'http://localhost:56441/session/fe4bc13e160dc877292ee7af4a07f0de/element/fd9ec94c-2110-454b-9d08-9c46315e58b2/click'
18:02:27.567 [Forwarding clickElement on session fe4bc13e160dc877292ee7af4a07f0de to remote] DEBUG org.asynchttpclient.netty.request.NettyRequestSender - Using open Channel [id: 0x80b28f4a, L:/127.0.0.1:55179 - R:localhost/127.0.0.1:56441] for POST '/session/fe4bc13e160dc877292ee7af4a07f0de/element/fd9ec94c-2110-454b-9d08-9c46315e58b2/click'
18:02:27.621 [AsyncHttpClient-1-2] DEBUG org.asynchttpclient.netty.handler.HttpHandler - 

Request DefaultHttpRequest(decodeResult: success, version: HTTP/1.1)
POST /session/fe4bc13e160dc877292ee7af4a07f0de/element/fd9ec94c-2110-454b-9d08-9c46315e58b2/click HTTP/1.1
User-Agent: selenium/4.1.3 (java windows)
Content-Length: 50
Content-Type: application/json; charset=utf-8
host: localhost:56441
accept: */*

Response DefaultHttpResponse(decodeResult: success, version: HTTP/1.1)
HTTP/1.1 200 OK
Content-Type: application/json; charset=utf-8
cache-control: no-cache
content-length: 14

18:02:27.621 [AsyncHttpClient-1-2] DEBUG org.asynchttpclient.netty.channel.ChannelManager - Adding key: http://localhost:56441 for channel [id: 0x80b28f4a, L:/127.0.0.1:55179 - R:localhost/127.0.0.1:56441]
18:02:27.628 [Forwarding findElement on session fe4bc13e160dc877292ee7af4a07f0de to remote] DEBUG org.asynchttpclient.netty.request.NettyRequestSender - Using pooled Channel '[id: 0x80b28f4a, L:/127.0.0.1:55179 - R:localhost/127.0.0.1:56441]' for 'POST' to 'http://localhost:56441/session/fe4bc13e160dc877292ee7af4a07f0de/element'
18:02:27.628 [Forwarding findElement on session fe4bc13e160dc877292ee7af4a07f0de to remote] DEBUG org.asynchttpclient.netty.request.NettyRequestSender - Using open Channel [id: 0x80b28f4a, L:/127.0.0.1:55179 - R:localhost/127.0.0.1:56441] for POST '/session/fe4bc13e160dc877292ee7af4a07f0de/element'
18:02:27.652 [AsyncHttpClient-1-2] DEBUG org.asynchttpclient.netty.handler.HttpHandler - 

Request DefaultHttpRequest(decodeResult: success, version: HTTP/1.1)
POST /session/fe4bc13e160dc877292ee7af4a07f0de/element HTTP/1.1
User-Agent: selenium/4.1.3 (java windows)
Content-Length: 61
Content-Type: application/json; charset=utf-8
host: localhost:56441
accept: */*

Response DefaultHttpResponse(decodeResult: success, version: HTTP/1.1)
HTTP/1.1 200 OK
Content-Type: application/json; charset=utf-8
cache-control: no-cache
content-length: 88

18:02:27.652 [AsyncHttpClient-1-2] DEBUG org.asynchttpclient.netty.channel.ChannelManager - Adding key: http://localhost:56441 for channel [id: 0x80b28f4a, L:/127.0.0.1:55179 - R:localhost/127.0.0.1:56441]
18:02:27.658 [Forwarding getElementAttribute on session fe4bc13e160dc877292ee7af4a07f0de to remote] DEBUG org.asynchttpclient.netty.request.NettyRequestSender - Using pooled Channel '[id: 0x80b28f4a, L:/127.0.0.1:55179 - R:localhost/127.0.0.1:56441]' for 'POST' to 'http://localhost:56441/session/fe4bc13e160dc877292ee7af4a07f0de/execute/sync'
18:02:27.659 [Forwarding getElementAttribute on session fe4bc13e160dc877292ee7af4a07f0de to remote] DEBUG org.asynchttpclient.netty.request.NettyRequestSender - Using open Channel [id: 0x80b28f4a, L:/127.0.0.1:55179 - R:localhost/127.0.0.1:56441] for POST '/session/fe4bc13e160dc877292ee7af4a07f0de/execute/sync'
18:02:27.675 [AsyncHttpClient-1-1] DEBUG org.asynchttpclient.netty.channel.DefaultChannelPool - Entry count for : http://localhost:55181 : 1
18:02:27.676 [AsyncHttpClient-1-2] DEBUG org.asynchttpclient.netty.handler.HttpHandler - 

Request DefaultHttpRequest(decodeResult: success, version: HTTP/1.1)
POST /session/fe4bc13e160dc877292ee7af4a07f0de/execute/sync HTTP/1.1
User-Agent: selenium/4.1.3 (java windows)
Content-Length: 47340
Content-Type: application/json; charset=utf-8
host: localhost:56441
accept: */*

Response DefaultHttpResponse(decodeResult: success, version: HTTP/1.1)
HTTP/1.1 200 OK
Content-Type: application/json; charset=utf-8
cache-control: no-cache
content-length: 12

18:02:27.677 [AsyncHttpClient-1-2] DEBUG org.asynchttpclient.netty.channel.ChannelManager - Adding key: http://localhost:56441 for channel [id: 0x80b28f4a, L:/127.0.0.1:55179 - R:localhost/127.0.0.1:56441]
18:02:27.678 [Forwarding findElement on session fe4bc13e160dc877292ee7af4a07f0de to remote] DEBUG org.asynchttpclient.netty.request.NettyRequestSender - Using pooled Channel '[id: 0x80b28f4a, L:/127.0.0.1:55179 - R:localhost/127.0.0.1:56441]' for 'POST' to 'http://localhost:56441/session/fe4bc13e160dc877292ee7af4a07f0de/element'
18:02:27.679 [Forwarding findElement on session fe4bc13e160dc877292ee7af4a07f0de to remote] DEBUG org.asynchttpclient.netty.request.NettyRequestSender - Using open Channel [id: 0x80b28f4a, L:/127.0.0.1:55179 - R:localhost/127.0.0.1:56441] for POST '/session/fe4bc13e160dc877292ee7af4a07f0de/element'
18:02:27.687 [AsyncHttpClient-1-2] DEBUG org.asynchttpclient.netty.handler.HttpHandler - 

Request DefaultHttpRequest(decodeResult: success, version: HTTP/1.1)
POST /session/fe4bc13e160dc877292ee7af4a07f0de/element HTTP/1.1
User-Agent: selenium/4.1.3 (java windows)
Content-Length: 61
Content-Type: application/json; charset=utf-8
host: localhost:56441
accept: */*

Response DefaultHttpResponse(decodeResult: success, version: HTTP/1.1)
HTTP/1.1 200 OK
Content-Type: application/json; charset=utf-8
cache-control: no-cache
content-length: 88

18:02:27.688 [AsyncHttpClient-1-2] DEBUG org.asynchttpclient.netty.channel.ChannelManager - Adding key: http://localhost:56441 for channel [id: 0x80b28f4a, L:/127.0.0.1:55179 - R:localhost/127.0.0.1:56441]
18:02:27.690 [Forwarding clearElement on session fe4bc13e160dc877292ee7af4a07f0de to remote] DEBUG org.asynchttpclient.netty.request.NettyRequestSender - Using pooled Channel '[id: 0x80b28f4a, L:/127.0.0.1:55179 - R:localhost/127.0.0.1:56441]' for 'POST' to 'http://localhost:56441/session/fe4bc13e160dc877292ee7af4a07f0de/element/fd9ec94c-2110-454b-9d08-9c46315e58b2/clear'
18:02:27.690 [Forwarding clearElement on session fe4bc13e160dc877292ee7af4a07f0de to remote] DEBUG org.asynchttpclient.netty.request.NettyRequestSender - Using open Channel [id: 0x80b28f4a, L:/127.0.0.1:55179 - R:localhost/127.0.0.1:56441] for POST '/session/fe4bc13e160dc877292ee7af4a07f0de/element/fd9ec94c-2110-454b-9d08-9c46315e58b2/clear'
18:02:27.723 [AsyncHttpClient-1-2] DEBUG org.asynchttpclient.netty.handler.HttpHandler - 

Request DefaultHttpRequest(decodeResult: success, version: HTTP/1.1)
POST /session/fe4bc13e160dc877292ee7af4a07f0de/element/fd9ec94c-2110-454b-9d08-9c46315e58b2/clear HTTP/1.1
User-Agent: selenium/4.1.3 (java windows)
Content-Length: 50
Content-Type: application/json; charset=utf-8
host: localhost:56441
accept: */*

Response DefaultHttpResponse(decodeResult: success, version: HTTP/1.1)
HTTP/1.1 200 OK
Content-Type: application/json; charset=utf-8
cache-control: no-cache
content-length: 14

18:02:27.724 [AsyncHttpClient-1-2] DEBUG org.asynchttpclient.netty.channel.ChannelManager - Adding key: http://localhost:56441 for channel [id: 0x80b28f4a, L:/127.0.0.1:55179 - R:localhost/127.0.0.1:56441]
18:02:27.726 [Forwarding findElement on session fe4bc13e160dc877292ee7af4a07f0de to remote] DEBUG org.asynchttpclient.netty.request.NettyRequestSender - Using pooled Channel '[id: 0x80b28f4a, L:/127.0.0.1:55179 - R:localhost/127.0.0.1:56441]' for 'POST' to 'http://localhost:56441/session/fe4bc13e160dc877292ee7af4a07f0de/element'
18:02:27.727 [Forwarding findElement on session fe4bc13e160dc877292ee7af4a07f0de to remote] DEBUG org.asynchttpclient.netty.request.NettyRequestSender - Using open Channel [id: 0x80b28f4a, L:/127.0.0.1:55179 - R:localhost/127.0.0.1:56441] for POST '/session/fe4bc13e160dc877292ee7af4a07f0de/element'
18:02:27.735 [AsyncHttpClient-1-2] DEBUG org.asynchttpclient.netty.handler.HttpHandler - 

Request DefaultHttpRequest(decodeResult: success, version: HTTP/1.1)
POST /session/fe4bc13e160dc877292ee7af4a07f0de/element HTTP/1.1
User-Agent: selenium/4.1.3 (java windows)
Content-Length: 61
Content-Type: application/json; charset=utf-8
host: localhost:56441
accept: */*

Response DefaultHttpResponse(decodeResult: success, version: HTTP/1.1)
HTTP/1.1 200 OK
Content-Type: application/json; charset=utf-8
cache-control: no-cache
content-length: 88

18:02:27.735 [AsyncHttpClient-1-2] DEBUG org.asynchttpclient.netty.channel.ChannelManager - Adding key: http://localhost:56441 for channel [id: 0x80b28f4a, L:/127.0.0.1:55179 - R:localhost/127.0.0.1:56441]
18:02:27.737 [Forwarding sendKeysToElement on session fe4bc13e160dc877292ee7af4a07f0de to remote] DEBUG org.asynchttpclient.netty.request.NettyRequestSender - Using pooled Channel '[id: 0x80b28f4a, L:/127.0.0.1:55179 - R:localhost/127.0.0.1:56441]' for 'POST' to 'http://localhost:56441/session/fe4bc13e160dc877292ee7af4a07f0de/element/fd9ec94c-2110-454b-9d08-9c46315e58b2/value'
18:02:27.737 [Forwarding sendKeysToElement on session fe4bc13e160dc877292ee7af4a07f0de to remote] DEBUG org.asynchttpclient.netty.request.NettyRequestSender - Using open Channel [id: 0x80b28f4a, L:/127.0.0.1:55179 - R:localhost/127.0.0.1:56441] for POST '/session/fe4bc13e160dc877292ee7af4a07f0de/element/fd9ec94c-2110-454b-9d08-9c46315e58b2/value'
18:02:27.774 [AsyncHttpClient-1-2] DEBUG org.asynchttpclient.netty.handler.HttpHandler - 

Request DefaultHttpRequest(decodeResult: success, version: HTTP/1.1)
POST /session/fe4bc13e160dc877292ee7af4a07f0de/element/fd9ec94c-2110-454b-9d08-9c46315e58b2/value HTTP/1.1
User-Agent: selenium/4.1.3 (java windows)
Content-Length: 141
Content-Type: application/json; charset=utf-8
host: localhost:56441
accept: */*

Response DefaultHttpResponse(decodeResult: success, version: HTTP/1.1)
HTTP/1.1 200 OK
Content-Type: application/json; charset=utf-8
cache-control: no-cache
content-length: 14

18:02:27.776 [AsyncHttpClient-1-2] DEBUG org.asynchttpclient.netty.channel.ChannelManager - Adding key: http://localhost:56441 for channel [id: 0x80b28f4a, L:/127.0.0.1:55179 - R:localhost/127.0.0.1:56441]
18:02:27.778 [Forwarding findElement on session fe4bc13e160dc877292ee7af4a07f0de to remote] DEBUG org.asynchttpclient.netty.request.NettyRequestSender - Using pooled Channel '[id: 0x80b28f4a, L:/127.0.0.1:55179 - R:localhost/127.0.0.1:56441]' for 'POST' to 'http://localhost:56441/session/fe4bc13e160dc877292ee7af4a07f0de/element'
18:02:27.778 [Forwarding findElement on session fe4bc13e160dc877292ee7af4a07f0de to remote] DEBUG org.asynchttpclient.netty.request.NettyRequestSender - Using open Channel [id: 0x80b28f4a, L:/127.0.0.1:55179 - R:localhost/127.0.0.1:56441] for POST '/session/fe4bc13e160dc877292ee7af4a07f0de/element'
18:02:27.791 [AsyncHttpClient-1-2] DEBUG org.asynchttpclient.netty.handler.HttpHandler - 

Request DefaultHttpRequest(decodeResult: success, version: HTTP/1.1)
POST /session/fe4bc13e160dc877292ee7af4a07f0de/element HTTP/1.1
User-Agent: selenium/4.1.3 (java windows)
Content-Length: 53
Content-Type: application/json; charset=utf-8
host: localhost:56441
accept: */*

Response DefaultHttpResponse(decodeResult: success, version: HTTP/1.1)
HTTP/1.1 200 OK
Content-Type: application/json; charset=utf-8
cache-control: no-cache
content-length: 88

18:02:27.792 [AsyncHttpClient-1-2] DEBUG org.asynchttpclient.netty.channel.ChannelManager - Adding key: http://localhost:56441 for channel [id: 0x80b28f4a, L:/127.0.0.1:55179 - R:localhost/127.0.0.1:56441]
18:02:27.796 [Forwarding clickElement on session fe4bc13e160dc877292ee7af4a07f0de to remote] DEBUG org.asynchttpclient.netty.request.NettyRequestSender - Using pooled Channel '[id: 0x80b28f4a, L:/127.0.0.1:55179 - R:localhost/127.0.0.1:56441]' for 'POST' to 'http://localhost:56441/session/fe4bc13e160dc877292ee7af4a07f0de/element/b4d7c3f1-8404-44f1-a817-e08d8b8e74e7/click'
18:02:27.796 [Forwarding clickElement on session fe4bc13e160dc877292ee7af4a07f0de to remote] DEBUG org.asynchttpclient.netty.request.NettyRequestSender - Using open Channel [id: 0x80b28f4a, L:/127.0.0.1:55179 - R:localhost/127.0.0.1:56441] for POST '/session/fe4bc13e160dc877292ee7af4a07f0de/element/b4d7c3f1-8404-44f1-a817-e08d8b8e74e7/click'
18:02:27.837 [AsyncHttpClient-1-2] DEBUG org.asynchttpclient.netty.handler.HttpHandler - 

Request DefaultHttpRequest(decodeResult: success, version: HTTP/1.1)
POST /session/fe4bc13e160dc877292ee7af4a07f0de/element/b4d7c3f1-8404-44f1-a817-e08d8b8e74e7/click HTTP/1.1
User-Agent: selenium/4.1.3 (java windows)
Content-Length: 50
Content-Type: application/json; charset=utf-8
host: localhost:56441
accept: */*

Response DefaultHttpResponse(decodeResult: success, version: HTTP/1.1)
HTTP/1.1 200 OK
Content-Type: application/json; charset=utf-8
cache-control: no-cache
content-length: 14

18:02:27.837 [AsyncHttpClient-1-2] DEBUG org.asynchttpclient.netty.channel.ChannelManager - Adding key: http://localhost:56441 for channel [id: 0x80b28f4a, L:/127.0.0.1:55179 - R:localhost/127.0.0.1:56441]
18:02:27.860 [Forwarding findElement on session fe4bc13e160dc877292ee7af4a07f0de to remote] DEBUG org.asynchttpclient.netty.request.NettyRequestSender - Using pooled Channel '[id: 0x80b28f4a, L:/127.0.0.1:55179 - R:localhost/127.0.0.1:56441]' for 'POST' to 'http://localhost:56441/session/fe4bc13e160dc877292ee7af4a07f0de/element'
18:02:27.860 [Forwarding findElement on session fe4bc13e160dc877292ee7af4a07f0de to remote] DEBUG org.asynchttpclient.netty.request.NettyRequestSender - Using open Channel [id: 0x80b28f4a, L:/127.0.0.1:55179 - R:localhost/127.0.0.1:56441] for POST '/session/fe4bc13e160dc877292ee7af4a07f0de/element'
18:02:28.776 [AsyncHttpClient-1-1] DEBUG org.asynchttpclient.netty.channel.DefaultChannelPool - Entry count for : http://localhost:55181 : 1
18:02:28.831 [AsyncHttpClient-1-2] DEBUG org.asynchttpclient.netty.handler.HttpHandler - 

Request DefaultHttpRequest(decodeResult: success, version: HTTP/1.1)
POST /session/fe4bc13e160dc877292ee7af4a07f0de/element HTTP/1.1
User-Agent: selenium/4.1.3 (java windows)
Content-Length: 221
Content-Type: application/json; charset=utf-8
host: localhost:56441
accept: */*

Response DefaultHttpResponse(decodeResult: success, version: HTTP/1.1)
HTTP/1.1 200 OK
Content-Type: application/json; charset=utf-8
cache-control: no-cache
content-length: 88

18:02:28.831 [AsyncHttpClient-1-2] DEBUG org.asynchttpclient.netty.channel.ChannelManager - Adding key: http://localhost:56441 for channel [id: 0x80b28f4a, L:/127.0.0.1:55179 - R:localhost/127.0.0.1:56441]
18:02:28.842 [Forwarding clickElement on session fe4bc13e160dc877292ee7af4a07f0de to remote] DEBUG org.asynchttpclient.netty.request.NettyRequestSender - Using pooled Channel '[id: 0x80b28f4a, L:/127.0.0.1:55179 - R:localhost/127.0.0.1:56441]' for 'POST' to 'http://localhost:56441/session/fe4bc13e160dc877292ee7af4a07f0de/element/6fa40de2-ad58-4ebb-9ac8-23ea9fbddb01/click'
18:02:28.842 [Forwarding clickElement on session fe4bc13e160dc877292ee7af4a07f0de to remote] DEBUG org.asynchttpclient.netty.request.NettyRequestSender - Using open Channel [id: 0x80b28f4a, L:/127.0.0.1:55179 - R:localhost/127.0.0.1:56441] for POST '/session/fe4bc13e160dc877292ee7af4a07f0de/element/6fa40de2-ad58-4ebb-9ac8-23ea9fbddb01/click'
18:02:28.936 [AsyncHttpClient-1-2] DEBUG org.asynchttpclient.netty.handler.HttpHandler - 

Request DefaultHttpRequest(decodeResult: success, version: HTTP/1.1)
POST /session/fe4bc13e160dc877292ee7af4a07f0de/element/6fa40de2-ad58-4ebb-9ac8-23ea9fbddb01/click HTTP/1.1
User-Agent: selenium/4.1.3 (java windows)
Content-Length: 50
Content-Type: application/json; charset=utf-8
host: localhost:56441
accept: */*

Response DefaultHttpResponse(decodeResult: success, version: HTTP/1.1)
HTTP/1.1 200 OK
Content-Type: application/json; charset=utf-8
cache-control: no-cache
content-length: 14

18:02:28.937 [AsyncHttpClient-1-2] DEBUG org.asynchttpclient.netty.channel.ChannelManager - Adding key: http://localhost:56441 for channel [id: 0x80b28f4a, L:/127.0.0.1:55179 - R:localhost/127.0.0.1:56441]
18:02:28.938 [Forwarding findElement on session fe4bc13e160dc877292ee7af4a07f0de to remote] DEBUG org.asynchttpclient.netty.request.NettyRequestSender - Using pooled Channel '[id: 0x80b28f4a, L:/127.0.0.1:55179 - R:localhost/127.0.0.1:56441]' for 'POST' to 'http://localhost:56441/session/fe4bc13e160dc877292ee7af4a07f0de/element'
18:02:28.938 [Forwarding findElement on session fe4bc13e160dc877292ee7af4a07f0de to remote] DEBUG org.asynchttpclient.netty.request.NettyRequestSender - Using open Channel [id: 0x80b28f4a, L:/127.0.0.1:55179 - R:localhost/127.0.0.1:56441] for POST '/session/fe4bc13e160dc877292ee7af4a07f0de/element'
18:02:28.976 [AsyncHttpClient-1-2] DEBUG org.asynchttpclient.netty.handler.HttpHandler - 

Request DefaultHttpRequest(decodeResult: success, version: HTTP/1.1)
POST /session/fe4bc13e160dc877292ee7af4a07f0de/element HTTP/1.1
User-Agent: selenium/4.1.3 (java windows)
Content-Length: 70
Content-Type: application/json; charset=utf-8
host: localhost:56441
accept: */*

Response DefaultHttpResponse(decodeResult: success, version: HTTP/1.1)
HTTP/1.1 200 OK
Content-Type: application/json; charset=utf-8
cache-control: no-cache
content-length: 88

18:02:28.977 [AsyncHttpClient-1-2] DEBUG org.asynchttpclient.netty.channel.ChannelManager - Adding key: http://localhost:56441 for channel [id: 0x80b28f4a, L:/127.0.0.1:55179 - R:localhost/127.0.0.1:56441]
18:02:28.980 [Forwarding clickElement on session fe4bc13e160dc877292ee7af4a07f0de to remote] DEBUG org.asynchttpclient.netty.request.NettyRequestSender - Using pooled Channel '[id: 0x80b28f4a, L:/127.0.0.1:55179 - R:localhost/127.0.0.1:56441]' for 'POST' to 'http://localhost:56441/session/fe4bc13e160dc877292ee7af4a07f0de/element/a00a6850-3db4-43f2-ad5c-de62655257aa/click'
18:02:28.980 [Forwarding clickElement on session fe4bc13e160dc877292ee7af4a07f0de to remote] DEBUG org.asynchttpclient.netty.request.NettyRequestSender - Using open Channel [id: 0x80b28f4a, L:/127.0.0.1:55179 - R:localhost/127.0.0.1:56441] for POST '/session/fe4bc13e160dc877292ee7af4a07f0de/element/a00a6850-3db4-43f2-ad5c-de62655257aa/click'
18:02:29.041 [AsyncHttpClient-1-2] DEBUG org.asynchttpclient.netty.handler.HttpHandler - 

Request DefaultHttpRequest(decodeResult: success, version: HTTP/1.1)
POST /session/fe4bc13e160dc877292ee7af4a07f0de/element/a00a6850-3db4-43f2-ad5c-de62655257aa/click HTTP/1.1
User-Agent: selenium/4.1.3 (java windows)
Content-Length: 50
Content-Type: application/json; charset=utf-8
host: localhost:56441
accept: */*

Response DefaultHttpResponse(decodeResult: success, version: HTTP/1.1)
HTTP/1.1 200 OK
Content-Type: application/json; charset=utf-8
cache-control: no-cache
content-length: 14

18:02:29.042 [AsyncHttpClient-1-2] DEBUG org.asynchttpclient.netty.channel.ChannelManager - Adding key: http://localhost:56441 for channel [id: 0x80b28f4a, L:/127.0.0.1:55179 - R:localhost/127.0.0.1:56441]
18:02:29.044 [Forwarding findElement on session fe4bc13e160dc877292ee7af4a07f0de to remote] DEBUG org.asynchttpclient.netty.request.NettyRequestSender - Using pooled Channel '[id: 0x80b28f4a, L:/127.0.0.1:55179 - R:localhost/127.0.0.1:56441]' for 'POST' to 'http://localhost:56441/session/fe4bc13e160dc877292ee7af4a07f0de/element'
18:02:29.045 [Forwarding findElement on session fe4bc13e160dc877292ee7af4a07f0de to remote] DEBUG org.asynchttpclient.netty.request.NettyRequestSender - Using open Channel [id: 0x80b28f4a, L:/127.0.0.1:55179 - R:localhost/127.0.0.1:56441] for POST '/session/fe4bc13e160dc877292ee7af4a07f0de/element'
18:02:29.390 [AsyncHttpClient-1-2] DEBUG org.asynchttpclient.netty.handler.HttpHandler - 

Request DefaultHttpRequest(decodeResult: success, version: HTTP/1.1)
POST /session/fe4bc13e160dc877292ee7af4a07f0de/element HTTP/1.1
User-Agent: selenium/4.1.3 (java windows)
Content-Length: 281
Content-Type: application/json; charset=utf-8
host: localhost:56441
accept: */*

Response DefaultHttpResponse(decodeResult: success, version: HTTP/1.1)
HTTP/1.1 200 OK
Content-Type: application/json; charset=utf-8
cache-control: no-cache
content-length: 88

18:02:29.390 [AsyncHttpClient-1-2] DEBUG org.asynchttpclient.netty.channel.ChannelManager - Adding key: http://localhost:56441 for channel [id: 0x80b28f4a, L:/127.0.0.1:55179 - R:localhost/127.0.0.1:56441]
18:02:29.396 [Forwarding clickElement on session fe4bc13e160dc877292ee7af4a07f0de to remote] DEBUG org.asynchttpclient.netty.request.NettyRequestSender - Using pooled Channel '[id: 0x80b28f4a, L:/127.0.0.1:55179 - R:localhost/127.0.0.1:56441]' for 'POST' to 'http://localhost:56441/session/fe4bc13e160dc877292ee7af4a07f0de/element/81da9064-6ea8-4481-b02d-ec70d6ace830/click'
18:02:29.396 [Forwarding clickElement on session fe4bc13e160dc877292ee7af4a07f0de to remote] DEBUG org.asynchttpclient.netty.request.NettyRequestSender - Using open Channel [id: 0x80b28f4a, L:/127.0.0.1:55179 - R:localhost/127.0.0.1:56441] for POST '/session/fe4bc13e160dc877292ee7af4a07f0de/element/81da9064-6ea8-4481-b02d-ec70d6ace830/click'
18:02:29.523 [AsyncHttpClient-1-2] DEBUG org.asynchttpclient.netty.handler.HttpHandler - 

Request DefaultHttpRequest(decodeResult: success, version: HTTP/1.1)
POST /session/fe4bc13e160dc877292ee7af4a07f0de/element/81da9064-6ea8-4481-b02d-ec70d6ace830/click HTTP/1.1
User-Agent: selenium/4.1.3 (java windows)
Content-Length: 50
Content-Type: application/json; charset=utf-8
host: localhost:56441
accept: */*

Response DefaultHttpResponse(decodeResult: success, version: HTTP/1.1)
HTTP/1.1 200 OK
Content-Type: application/json; charset=utf-8
cache-control: no-cache
content-length: 14

18:02:29.525 [AsyncHttpClient-1-2] DEBUG org.asynchttpclient.netty.channel.ChannelManager - Adding key: http://localhost:56441 for channel [id: 0x80b28f4a, L:/127.0.0.1:55179 - R:localhost/127.0.0.1:56441]
18:02:29.877 [AsyncHttpClient-1-1] DEBUG org.asynchttpclient.netty.channel.DefaultChannelPool - Entry count for : http://localhost:55181 : 1
18:02:29.877 [AsyncHttpClient-1-1] DEBUG org.asynchttpclient.netty.channel.DefaultChannelPool - Entry count for : http://localhost:56441 : 1
18:02:30.976 [AsyncHttpClient-1-1] DEBUG org.asynchttpclient.netty.channel.DefaultChannelPool - Entry count for : http://localhost:55181 : 1
18:02:30.976 [AsyncHttpClient-1-1] DEBUG org.asynchttpclient.netty.channel.DefaultChannelPool - Entry count for : http://localhost:56441 : 1
18:02:31.531 [Forwarding findElement on session fe4bc13e160dc877292ee7af4a07f0de to remote] DEBUG org.asynchttpclient.netty.request.NettyRequestSender - Using pooled Channel '[id: 0x80b28f4a, L:/127.0.0.1:55179 - R:localhost/127.0.0.1:56441]' for 'POST' to 'http://localhost:56441/session/fe4bc13e160dc877292ee7af4a07f0de/element'
18:02:31.533 [Forwarding findElement on session fe4bc13e160dc877292ee7af4a07f0de to remote] DEBUG org.asynchttpclient.netty.request.NettyRequestSender - Using open Channel [id: 0x80b28f4a, L:/127.0.0.1:55179 - R:localhost/127.0.0.1:56441] for POST '/session/fe4bc13e160dc877292ee7af4a07f0de/element'
18:02:31.569 [AsyncHttpClient-1-2] DEBUG org.asynchttpclient.netty.handler.HttpHandler - 

Request DefaultHttpRequest(decodeResult: success, version: HTTP/1.1)
POST /session/fe4bc13e160dc877292ee7af4a07f0de/element HTTP/1.1
User-Agent: selenium/4.1.3 (java windows)
Content-Length: 100
Content-Type: application/json; charset=utf-8
host: localhost:56441
accept: */*

Response DefaultHttpResponse(decodeResult: success, version: HTTP/1.1)
HTTP/1.1 200 OK
Content-Type: application/json; charset=utf-8
cache-control: no-cache
content-length: 88

18:02:31.569 [AsyncHttpClient-1-2] DEBUG org.asynchttpclient.netty.channel.ChannelManager - Adding key: http://localhost:56441 for channel [id: 0x80b28f4a, L:/127.0.0.1:55179 - R:localhost/127.0.0.1:56441]
18:02:31.573 [Forwarding clickElement on session fe4bc13e160dc877292ee7af4a07f0de to remote] DEBUG org.asynchttpclient.netty.request.NettyRequestSender - Using pooled Channel '[id: 0x80b28f4a, L:/127.0.0.1:55179 - R:localhost/127.0.0.1:56441]' for 'POST' to 'http://localhost:56441/session/fe4bc13e160dc877292ee7af4a07f0de/element/5d8e8670-20ca-42eb-a633-202074646466/click'
18:02:31.574 [Forwarding clickElement on session fe4bc13e160dc877292ee7af4a07f0de to remote] DEBUG org.asynchttpclient.netty.request.NettyRequestSender - Using open Channel [id: 0x80b28f4a, L:/127.0.0.1:55179 - R:localhost/127.0.0.1:56441] for POST '/session/fe4bc13e160dc877292ee7af4a07f0de/element/5d8e8670-20ca-42eb-a633-202074646466/click'
18:02:31.626 [AsyncHttpClient-1-2] DEBUG org.asynchttpclient.netty.handler.HttpHandler - 

Request DefaultHttpRequest(decodeResult: success, version: HTTP/1.1)
POST /session/fe4bc13e160dc877292ee7af4a07f0de/element/5d8e8670-20ca-42eb-a633-202074646466/click HTTP/1.1
User-Agent: selenium/4.1.3 (java windows)
Content-Length: 50
Content-Type: application/json; charset=utf-8
host: localhost:56441
accept: */*

Response DefaultHttpResponse(decodeResult: success, version: HTTP/1.1)
HTTP/1.1 200 OK
Content-Type: application/json; charset=utf-8
cache-control: no-cache
content-length: 14

18:02:31.627 [AsyncHttpClient-1-2] DEBUG org.asynchttpclient.netty.channel.ChannelManager - Adding key: http://localhost:56441 for channel [id: 0x80b28f4a, L:/127.0.0.1:55179 - R:localhost/127.0.0.1:56441]
18:02:31.628 [Forwarding findElement on session fe4bc13e160dc877292ee7af4a07f0de to remote] DEBUG org.asynchttpclient.netty.request.NettyRequestSender - Using pooled Channel '[id: 0x80b28f4a, L:/127.0.0.1:55179 - R:localhost/127.0.0.1:56441]' for 'POST' to 'http://localhost:56441/session/fe4bc13e160dc877292ee7af4a07f0de/element'
18:02:31.628 [Forwarding findElement on session fe4bc13e160dc877292ee7af4a07f0de to remote] DEBUG org.asynchttpclient.netty.request.NettyRequestSender - Using open Channel [id: 0x80b28f4a, L:/127.0.0.1:55179 - R:localhost/127.0.0.1:56441] for POST '/session/fe4bc13e160dc877292ee7af4a07f0de/element'
18:02:31.741 [AsyncHttpClient-1-2] DEBUG org.asynchttpclient.netty.handler.HttpHandler - 

Request DefaultHttpRequest(decodeResult: success, version: HTTP/1.1)
POST /session/fe4bc13e160dc877292ee7af4a07f0de/element HTTP/1.1
User-Agent: selenium/4.1.3 (java windows)
Content-Length: 358
Content-Type: application/json; charset=utf-8
host: localhost:56441
accept: */*

Response DefaultHttpResponse(decodeResult: success, version: HTTP/1.1)
HTTP/1.1 200 OK
Content-Type: application/json; charset=utf-8
cache-control: no-cache
content-length: 88

18:02:31.741 [AsyncHttpClient-1-2] DEBUG org.asynchttpclient.netty.channel.ChannelManager - Adding key: http://localhost:56441 for channel [id: 0x80b28f4a, L:/127.0.0.1:55179 - R:localhost/127.0.0.1:56441]
18:02:31.745 [Forwarding clickElement on session fe4bc13e160dc877292ee7af4a07f0de to remote] DEBUG org.asynchttpclient.netty.request.NettyRequestSender - Using pooled Channel '[id: 0x80b28f4a, L:/127.0.0.1:55179 - R:localhost/127.0.0.1:56441]' for 'POST' to 'http://localhost:56441/session/fe4bc13e160dc877292ee7af4a07f0de/element/6f6da672-cab6-4ab7-9468-13b566e31a77/click'
18:02:31.745 [Forwarding clickElement on session fe4bc13e160dc877292ee7af4a07f0de to remote] DEBUG org.asynchttpclient.netty.request.NettyRequestSender - Using open Channel [id: 0x80b28f4a, L:/127.0.0.1:55179 - R:localhost/127.0.0.1:56441] for POST '/session/fe4bc13e160dc877292ee7af4a07f0de/element/6f6da672-cab6-4ab7-9468-13b566e31a77/click'
18:02:31.820 [AsyncHttpClient-1-2] DEBUG org.asynchttpclient.netty.handler.HttpHandler - 

Request DefaultHttpRequest(decodeResult: success, version: HTTP/1.1)
POST /session/fe4bc13e160dc877292ee7af4a07f0de/element/6f6da672-cab6-4ab7-9468-13b566e31a77/click HTTP/1.1
User-Agent: selenium/4.1.3 (java windows)
Content-Length: 50
Content-Type: application/json; charset=utf-8
host: localhost:56441
accept: */*

Response DefaultHttpResponse(decodeResult: success, version: HTTP/1.1)
HTTP/1.1 200 OK
Content-Type: application/json; charset=utf-8
cache-control: no-cache
content-length: 14

18:02:31.821 [AsyncHttpClient-1-2] DEBUG org.asynchttpclient.netty.channel.ChannelManager - Adding key: http://localhost:56441 for channel [id: 0x80b28f4a, L:/127.0.0.1:55179 - R:localhost/127.0.0.1:56441]
18:02:31.826 [Forwarding findElement on session fe4bc13e160dc877292ee7af4a07f0de to remote] DEBUG org.asynchttpclient.netty.request.NettyRequestSender - Using pooled Channel '[id: 0x80b28f4a, L:/127.0.0.1:55179 - R:localhost/127.0.0.1:56441]' for 'POST' to 'http://localhost:56441/session/fe4bc13e160dc877292ee7af4a07f0de/element'
18:02:31.827 [Forwarding findElement on session fe4bc13e160dc877292ee7af4a07f0de to remote] DEBUG org.asynchttpclient.netty.request.NettyRequestSender - Using open Channel [id: 0x80b28f4a, L:/127.0.0.1:55179 - R:localhost/127.0.0.1:56441] for POST '/session/fe4bc13e160dc877292ee7af4a07f0de/element'
18:02:31.847 [AsyncHttpClient-1-2] DEBUG org.asynchttpclient.netty.handler.HttpHandler - 

Request DefaultHttpRequest(decodeResult: success, version: HTTP/1.1)
POST /session/fe4bc13e160dc877292ee7af4a07f0de/element HTTP/1.1
User-Agent: selenium/4.1.3 (java windows)
Content-Length: 111
Content-Type: application/json; charset=utf-8
host: localhost:56441
accept: */*

Response DefaultHttpResponse(decodeResult: success, version: HTTP/1.1)
HTTP/1.1 200 OK
Content-Type: application/json; charset=utf-8
cache-control: no-cache
content-length: 88

18:02:31.847 [AsyncHttpClient-1-2] DEBUG org.asynchttpclient.netty.channel.ChannelManager - Adding key: http://localhost:56441 for channel [id: 0x80b28f4a, L:/127.0.0.1:55179 - R:localhost/127.0.0.1:56441]
18:02:31.851 [Forwarding clickElement on session fe4bc13e160dc877292ee7af4a07f0de to remote] DEBUG org.asynchttpclient.netty.request.NettyRequestSender - Using pooled Channel '[id: 0x80b28f4a, L:/127.0.0.1:55179 - R:localhost/127.0.0.1:56441]' for 'POST' to 'http://localhost:56441/session/fe4bc13e160dc877292ee7af4a07f0de/element/8c5bdb69-be88-4f94-a496-a24aae3022a7/click'
18:02:31.852 [Forwarding clickElement on session fe4bc13e160dc877292ee7af4a07f0de to remote] DEBUG org.asynchttpclient.netty.request.NettyRequestSender - Using open Channel [id: 0x80b28f4a, L:/127.0.0.1:55179 - R:localhost/127.0.0.1:56441] for POST '/session/fe4bc13e160dc877292ee7af4a07f0de/element/8c5bdb69-be88-4f94-a496-a24aae3022a7/click'
18:02:31.901 [AsyncHttpClient-1-2] DEBUG org.asynchttpclient.netty.handler.HttpHandler - 

Request DefaultHttpRequest(decodeResult: success, version: HTTP/1.1)
POST /session/fe4bc13e160dc877292ee7af4a07f0de/element/8c5bdb69-be88-4f94-a496-a24aae3022a7/click HTTP/1.1
User-Agent: selenium/4.1.3 (java windows)
Content-Length: 50
Content-Type: application/json; charset=utf-8
host: localhost:56441
accept: */*

Response DefaultHttpResponse(decodeResult: success, version: HTTP/1.1)
HTTP/1.1 200 OK
Content-Type: application/json; charset=utf-8
cache-control: no-cache
content-length: 14

18:02:31.901 [AsyncHttpClient-1-2] DEBUG org.asynchttpclient.netty.channel.ChannelManager - Adding key: http://localhost:56441 for channel [id: 0x80b28f4a, L:/127.0.0.1:55179 - R:localhost/127.0.0.1:56441]
18:02:31.904 [Forwarding findElement on session fe4bc13e160dc877292ee7af4a07f0de to remote] DEBUG org.asynchttpclient.netty.request.NettyRequestSender - Using pooled Channel '[id: 0x80b28f4a, L:/127.0.0.1:55179 - R:localhost/127.0.0.1:56441]' for 'POST' to 'http://localhost:56441/session/fe4bc13e160dc877292ee7af4a07f0de/element'
18:02:31.904 [Forwarding findElement on session fe4bc13e160dc877292ee7af4a07f0de to remote] DEBUG org.asynchttpclient.netty.request.NettyRequestSender - Using open Channel [id: 0x80b28f4a, L:/127.0.0.1:55179 - R:localhost/127.0.0.1:56441] for POST '/session/fe4bc13e160dc877292ee7af4a07f0de/element'
18:02:32.051 [AsyncHttpClient-1-2] DEBUG org.asynchttpclient.netty.handler.HttpHandler - 

Request DefaultHttpRequest(decodeResult: success, version: HTTP/1.1)
POST /session/fe4bc13e160dc877292ee7af4a07f0de/element HTTP/1.1
User-Agent: selenium/4.1.3 (java windows)
Content-Length: 388
Content-Type: application/json; charset=utf-8
host: localhost:56441
accept: */*

Response DefaultHttpResponse(decodeResult: success, version: HTTP/1.1)
HTTP/1.1 200 OK
Content-Type: application/json; charset=utf-8
cache-control: no-cache
content-length: 88

18:02:32.052 [AsyncHttpClient-1-2] DEBUG org.asynchttpclient.netty.channel.ChannelManager - Adding key: http://localhost:56441 for channel [id: 0x80b28f4a, L:/127.0.0.1:55179 - R:localhost/127.0.0.1:56441]
18:02:32.055 [Forwarding clickElement on session fe4bc13e160dc877292ee7af4a07f0de to remote] DEBUG org.asynchttpclient.netty.request.NettyRequestSender - Using pooled Channel '[id: 0x80b28f4a, L:/127.0.0.1:55179 - R:localhost/127.0.0.1:56441]' for 'POST' to 'http://localhost:56441/session/fe4bc13e160dc877292ee7af4a07f0de/element/27ac79ce-e8ab-482c-8fec-be2fb48afc55/click'
18:02:32.055 [Forwarding clickElement on session fe4bc13e160dc877292ee7af4a07f0de to remote] DEBUG org.asynchttpclient.netty.request.NettyRequestSender - Using open Channel [id: 0x80b28f4a, L:/127.0.0.1:55179 - R:localhost/127.0.0.1:56441] for POST '/session/fe4bc13e160dc877292ee7af4a07f0de/element/27ac79ce-e8ab-482c-8fec-be2fb48afc55/click'
18:02:32.076 [AsyncHttpClient-1-1] DEBUG org.asynchttpclient.netty.channel.DefaultChannelPool - Entry count for : http://localhost:55181 : 1
18:02:32.131 [AsyncHttpClient-1-2] DEBUG org.asynchttpclient.netty.handler.HttpHandler - 

Request DefaultHttpRequest(decodeResult: success, version: HTTP/1.1)
POST /session/fe4bc13e160dc877292ee7af4a07f0de/element/27ac79ce-e8ab-482c-8fec-be2fb48afc55/click HTTP/1.1
User-Agent: selenium/4.1.3 (java windows)
Content-Length: 50
Content-Type: application/json; charset=utf-8
host: localhost:56441
accept: */*

Response DefaultHttpResponse(decodeResult: success, version: HTTP/1.1)
HTTP/1.1 200 OK
Content-Type: application/json; charset=utf-8
cache-control: no-cache
content-length: 14

18:02:32.131 [AsyncHttpClient-1-2] DEBUG org.asynchttpclient.netty.channel.ChannelManager - Adding key: http://localhost:56441 for channel [id: 0x80b28f4a, L:/127.0.0.1:55179 - R:localhost/127.0.0.1:56441]
18:02:32.133 [Forwarding findElement on session fe4bc13e160dc877292ee7af4a07f0de to remote] DEBUG org.asynchttpclient.netty.request.NettyRequestSender - Using pooled Channel '[id: 0x80b28f4a, L:/127.0.0.1:55179 - R:localhost/127.0.0.1:56441]' for 'POST' to 'http://localhost:56441/session/fe4bc13e160dc877292ee7af4a07f0de/element'
18:02:32.133 [Forwarding findElement on session fe4bc13e160dc877292ee7af4a07f0de to remote] DEBUG org.asynchttpclient.netty.request.NettyRequestSender - Using open Channel [id: 0x80b28f4a, L:/127.0.0.1:55179 - R:localhost/127.0.0.1:56441] for POST '/session/fe4bc13e160dc877292ee7af4a07f0de/element'
18:02:32.169 [AsyncHttpClient-1-2] DEBUG org.asynchttpclient.netty.handler.HttpHandler - 

Request DefaultHttpRequest(decodeResult: success, version: HTTP/1.1)
POST /session/fe4bc13e160dc877292ee7af4a07f0de/element HTTP/1.1
User-Agent: selenium/4.1.3 (java windows)
Content-Length: 110
Content-Type: application/json; charset=utf-8
host: localhost:56441
accept: */*

Response DefaultHttpResponse(decodeResult: success, version: HTTP/1.1)
HTTP/1.1 200 OK
Content-Type: application/json; charset=utf-8
cache-control: no-cache
content-length: 88

18:02:32.169 [AsyncHttpClient-1-2] DEBUG org.asynchttpclient.netty.channel.ChannelManager - Adding key: http://localhost:56441 for channel [id: 0x80b28f4a, L:/127.0.0.1:55179 - R:localhost/127.0.0.1:56441]
18:02:32.171 [Forwarding clickElement on session fe4bc13e160dc877292ee7af4a07f0de to remote] DEBUG org.asynchttpclient.netty.request.NettyRequestSender - Using pooled Channel '[id: 0x80b28f4a, L:/127.0.0.1:55179 - R:localhost/127.0.0.1:56441]' for 'POST' to 'http://localhost:56441/session/fe4bc13e160dc877292ee7af4a07f0de/element/046d2ba1-a82c-488b-80c6-08f9c8c45475/click'
18:02:32.171 [Forwarding clickElement on session fe4bc13e160dc877292ee7af4a07f0de to remote] DEBUG org.asynchttpclient.netty.request.NettyRequestSender - Using open Channel [id: 0x80b28f4a, L:/127.0.0.1:55179 - R:localhost/127.0.0.1:56441] for POST '/session/fe4bc13e160dc877292ee7af4a07f0de/element/046d2ba1-a82c-488b-80c6-08f9c8c45475/click'
18:02:32.219 [AsyncHttpClient-1-2] DEBUG org.asynchttpclient.netty.handler.HttpHandler - 

Request DefaultHttpRequest(decodeResult: success, version: HTTP/1.1)
POST /session/fe4bc13e160dc877292ee7af4a07f0de/element/046d2ba1-a82c-488b-80c6-08f9c8c45475/click HTTP/1.1
User-Agent: selenium/4.1.3 (java windows)
Content-Length: 50
Content-Type: application/json; charset=utf-8
host: localhost:56441
accept: */*

Response DefaultHttpResponse(decodeResult: success, version: HTTP/1.1)
HTTP/1.1 200 OK
Content-Type: application/json; charset=utf-8
cache-control: no-cache
content-length: 14

18:02:32.219 [AsyncHttpClient-1-2] DEBUG org.asynchttpclient.netty.channel.ChannelManager - Adding key: http://localhost:56441 for channel [id: 0x80b28f4a, L:/127.0.0.1:55179 - R:localhost/127.0.0.1:56441]
18:02:32.221 [Forwarding findElement on session fe4bc13e160dc877292ee7af4a07f0de to remote] DEBUG org.asynchttpclient.netty.request.NettyRequestSender - Using pooled Channel '[id: 0x80b28f4a, L:/127.0.0.1:55179 - R:localhost/127.0.0.1:56441]' for 'POST' to 'http://localhost:56441/session/fe4bc13e160dc877292ee7af4a07f0de/element'
18:02:32.221 [Forwarding findElement on session fe4bc13e160dc877292ee7af4a07f0de to remote] DEBUG org.asynchttpclient.netty.request.NettyRequestSender - Using open Channel [id: 0x80b28f4a, L:/127.0.0.1:55179 - R:localhost/127.0.0.1:56441] for POST '/session/fe4bc13e160dc877292ee7af4a07f0de/element'
18:02:32.236 [AsyncHttpClient-1-2] DEBUG org.asynchttpclient.netty.handler.HttpHandler - 

Request DefaultHttpRequest(decodeResult: success, version: HTTP/1.1)
POST /session/fe4bc13e160dc877292ee7af4a07f0de/element HTTP/1.1
User-Agent: selenium/4.1.3 (java windows)
Content-Length: 110
Content-Type: application/json; charset=utf-8
host: localhost:56441
accept: */*

Response DefaultHttpResponse(decodeResult: success, version: HTTP/1.1)
HTTP/1.1 200 OK
Content-Type: application/json; charset=utf-8
cache-control: no-cache
content-length: 88

18:02:32.237 [AsyncHttpClient-1-2] DEBUG org.asynchttpclient.netty.channel.ChannelManager - Adding key: http://localhost:56441 for channel [id: 0x80b28f4a, L:/127.0.0.1:55179 - R:localhost/127.0.0.1:56441]
18:02:32.249 [Forwarding getElementAttribute on session fe4bc13e160dc877292ee7af4a07f0de to remote] DEBUG org.asynchttpclient.netty.request.NettyRequestSender - Using pooled Channel '[id: 0x80b28f4a, L:/127.0.0.1:55179 - R:localhost/127.0.0.1:56441]' for 'POST' to 'http://localhost:56441/session/fe4bc13e160dc877292ee7af4a07f0de/execute/sync'
18:02:32.250 [Forwarding getElementAttribute on session fe4bc13e160dc877292ee7af4a07f0de to remote] DEBUG org.asynchttpclient.netty.request.NettyRequestSender - Using open Channel [id: 0x80b28f4a, L:/127.0.0.1:55179 - R:localhost/127.0.0.1:56441] for POST '/session/fe4bc13e160dc877292ee7af4a07f0de/execute/sync'
18:02:32.264 [AsyncHttpClient-1-2] DEBUG org.asynchttpclient.netty.handler.HttpHandler - 

Request DefaultHttpRequest(decodeResult: success, version: HTTP/1.1)
POST /session/fe4bc13e160dc877292ee7af4a07f0de/execute/sync HTTP/1.1
User-Agent: selenium/4.1.3 (java windows)
Content-Length: 47340
Content-Type: application/json; charset=utf-8
host: localhost:56441
accept: */*

Response DefaultHttpResponse(decodeResult: success, version: HTTP/1.1)
HTTP/1.1 200 OK
Content-Type: application/json; charset=utf-8
cache-control: no-cache
content-length: 12

18:02:32.265 [AsyncHttpClient-1-2] DEBUG org.asynchttpclient.netty.channel.ChannelManager - Adding key: http://localhost:56441 for channel [id: 0x80b28f4a, L:/127.0.0.1:55179 - R:localhost/127.0.0.1:56441]
18:02:32.266 [Forwarding findElement on session fe4bc13e160dc877292ee7af4a07f0de to remote] DEBUG org.asynchttpclient.netty.request.NettyRequestSender - Using pooled Channel '[id: 0x80b28f4a, L:/127.0.0.1:55179 - R:localhost/127.0.0.1:56441]' for 'POST' to 'http://localhost:56441/session/fe4bc13e160dc877292ee7af4a07f0de/element'
18:02:32.267 [Forwarding findElement on session fe4bc13e160dc877292ee7af4a07f0de to remote] DEBUG org.asynchttpclient.netty.request.NettyRequestSender - Using open Channel [id: 0x80b28f4a, L:/127.0.0.1:55179 - R:localhost/127.0.0.1:56441] for POST '/session/fe4bc13e160dc877292ee7af4a07f0de/element'
18:02:32.279 [AsyncHttpClient-1-2] DEBUG org.asynchttpclient.netty.handler.HttpHandler - 

Request DefaultHttpRequest(decodeResult: success, version: HTTP/1.1)
POST /session/fe4bc13e160dc877292ee7af4a07f0de/element HTTP/1.1
User-Agent: selenium/4.1.3 (java windows)
Content-Length: 110
Content-Type: application/json; charset=utf-8
host: localhost:56441
accept: */*

Response DefaultHttpResponse(decodeResult: success, version: HTTP/1.1)
HTTP/1.1 200 OK
Content-Type: application/json; charset=utf-8
cache-control: no-cache
content-length: 88

18:02:32.279 [AsyncHttpClient-1-2] DEBUG org.asynchttpclient.netty.channel.ChannelManager - Adding key: http://localhost:56441 for channel [id: 0x80b28f4a, L:/127.0.0.1:55179 - R:localhost/127.0.0.1:56441]
18:02:32.282 [Forwarding clearElement on session fe4bc13e160dc877292ee7af4a07f0de to remote] DEBUG org.asynchttpclient.netty.request.NettyRequestSender - Using pooled Channel '[id: 0x80b28f4a, L:/127.0.0.1:55179 - R:localhost/127.0.0.1:56441]' for 'POST' to 'http://localhost:56441/session/fe4bc13e160dc877292ee7af4a07f0de/element/046d2ba1-a82c-488b-80c6-08f9c8c45475/clear'
18:02:32.282 [Forwarding clearElement on session fe4bc13e160dc877292ee7af4a07f0de to remote] DEBUG org.asynchttpclient.netty.request.NettyRequestSender - Using open Channel [id: 0x80b28f4a, L:/127.0.0.1:55179 - R:localhost/127.0.0.1:56441] for POST '/session/fe4bc13e160dc877292ee7af4a07f0de/element/046d2ba1-a82c-488b-80c6-08f9c8c45475/clear'
18:02:32.308 [AsyncHttpClient-1-2] DEBUG org.asynchttpclient.netty.handler.HttpHandler - 

Request DefaultHttpRequest(decodeResult: success, version: HTTP/1.1)
POST /session/fe4bc13e160dc877292ee7af4a07f0de/element/046d2ba1-a82c-488b-80c6-08f9c8c45475/clear HTTP/1.1
User-Agent: selenium/4.1.3 (java windows)
Content-Length: 50
Content-Type: application/json; charset=utf-8
host: localhost:56441
accept: */*

Response DefaultHttpResponse(decodeResult: success, version: HTTP/1.1)
HTTP/1.1 200 OK
Content-Type: application/json; charset=utf-8
cache-control: no-cache
content-length: 14

18:02:32.308 [AsyncHttpClient-1-2] DEBUG org.asynchttpclient.netty.channel.ChannelManager - Adding key: http://localhost:56441 for channel [id: 0x80b28f4a, L:/127.0.0.1:55179 - R:localhost/127.0.0.1:56441]
18:02:32.313 [Forwarding findElement on session fe4bc13e160dc877292ee7af4a07f0de to remote] DEBUG org.asynchttpclient.netty.request.NettyRequestSender - Using pooled Channel '[id: 0x80b28f4a, L:/127.0.0.1:55179 - R:localhost/127.0.0.1:56441]' for 'POST' to 'http://localhost:56441/session/fe4bc13e160dc877292ee7af4a07f0de/element'
18:02:32.314 [Forwarding findElement on session fe4bc13e160dc877292ee7af4a07f0de to remote] DEBUG org.asynchttpclient.netty.request.NettyRequestSender - Using open Channel [id: 0x80b28f4a, L:/127.0.0.1:55179 - R:localhost/127.0.0.1:56441] for POST '/session/fe4bc13e160dc877292ee7af4a07f0de/element'
18:02:32.321 [AsyncHttpClient-1-2] DEBUG org.asynchttpclient.netty.handler.HttpHandler - 

Request DefaultHttpRequest(decodeResult: success, version: HTTP/1.1)
POST /session/fe4bc13e160dc877292ee7af4a07f0de/element HTTP/1.1
User-Agent: selenium/4.1.3 (java windows)
Content-Length: 110
Content-Type: application/json; charset=utf-8
host: localhost:56441
accept: */*

Response DefaultHttpResponse(decodeResult: success, version: HTTP/1.1)
HTTP/1.1 200 OK
Content-Type: application/json; charset=utf-8
cache-control: no-cache
content-length: 88

18:02:32.321 [AsyncHttpClient-1-2] DEBUG org.asynchttpclient.netty.channel.ChannelManager - Adding key: http://localhost:56441 for channel [id: 0x80b28f4a, L:/127.0.0.1:55179 - R:localhost/127.0.0.1:56441]
18:02:32.324 [Forwarding sendKeysToElement on session fe4bc13e160dc877292ee7af4a07f0de to remote] DEBUG org.asynchttpclient.netty.request.NettyRequestSender - Using pooled Channel '[id: 0x80b28f4a, L:/127.0.0.1:55179 - R:localhost/127.0.0.1:56441]' for 'POST' to 'http://localhost:56441/session/fe4bc13e160dc877292ee7af4a07f0de/element/046d2ba1-a82c-488b-80c6-08f9c8c45475/value'
18:02:32.325 [Forwarding sendKeysToElement on session fe4bc13e160dc877292ee7af4a07f0de to remote] DEBUG org.asynchttpclient.netty.request.NettyRequestSender - Using open Channel [id: 0x80b28f4a, L:/127.0.0.1:55179 - R:localhost/127.0.0.1:56441] for POST '/session/fe4bc13e160dc877292ee7af4a07f0de/element/046d2ba1-a82c-488b-80c6-08f9c8c45475/value'
18:02:32.380 [AsyncHttpClient-1-2] DEBUG org.asynchttpclient.netty.handler.HttpHandler - 

Request DefaultHttpRequest(decodeResult: success, version: HTTP/1.1)
POST /session/fe4bc13e160dc877292ee7af4a07f0de/element/046d2ba1-a82c-488b-80c6-08f9c8c45475/value HTTP/1.1
User-Agent: selenium/4.1.3 (java windows)
Content-Length: 201
Content-Type: application/json; charset=utf-8
host: localhost:56441
accept: */*

Response DefaultHttpResponse(decodeResult: success, version: HTTP/1.1)
HTTP/1.1 200 OK
Content-Type: application/json; charset=utf-8
cache-control: no-cache
content-length: 14

18:02:32.380 [AsyncHttpClient-1-2] DEBUG org.asynchttpclient.netty.channel.ChannelManager - Adding key: http://localhost:56441 for channel [id: 0x80b28f4a, L:/127.0.0.1:55179 - R:localhost/127.0.0.1:56441]
18:02:32.382 [Forwarding findElement on session fe4bc13e160dc877292ee7af4a07f0de to remote] DEBUG org.asynchttpclient.netty.request.NettyRequestSender - Using pooled Channel '[id: 0x80b28f4a, L:/127.0.0.1:55179 - R:localhost/127.0.0.1:56441]' for 'POST' to 'http://localhost:56441/session/fe4bc13e160dc877292ee7af4a07f0de/element'
18:02:32.382 [Forwarding findElement on session fe4bc13e160dc877292ee7af4a07f0de to remote] DEBUG org.asynchttpclient.netty.request.NettyRequestSender - Using open Channel [id: 0x80b28f4a, L:/127.0.0.1:55179 - R:localhost/127.0.0.1:56441] for POST '/session/fe4bc13e160dc877292ee7af4a07f0de/element'
18:02:32.398 [AsyncHttpClient-1-2] DEBUG org.asynchttpclient.netty.handler.HttpHandler - 

Request DefaultHttpRequest(decodeResult: success, version: HTTP/1.1)
POST /session/fe4bc13e160dc877292ee7af4a07f0de/element HTTP/1.1
User-Agent: selenium/4.1.3 (java windows)
Content-Length: 272
Content-Type: application/json; charset=utf-8
host: localhost:56441
accept: */*

Response DefaultHttpResponse(decodeResult: success, version: HTTP/1.1)
HTTP/1.1 200 OK
Content-Type: application/json; charset=utf-8
cache-control: no-cache
content-length: 88

18:02:32.398 [AsyncHttpClient-1-2] DEBUG org.asynchttpclient.netty.channel.ChannelManager - Adding key: http://localhost:56441 for channel [id: 0x80b28f4a, L:/127.0.0.1:55179 - R:localhost/127.0.0.1:56441]
18:02:32.399 [Forwarding clickElement on session fe4bc13e160dc877292ee7af4a07f0de to remote] DEBUG org.asynchttpclient.netty.request.NettyRequestSender - Using pooled Channel '[id: 0x80b28f4a, L:/127.0.0.1:55179 - R:localhost/127.0.0.1:56441]' for 'POST' to 'http://localhost:56441/session/fe4bc13e160dc877292ee7af4a07f0de/element/e97d9144-e72a-4290-b55a-dde092632b69/click'
18:02:32.400 [Forwarding clickElement on session fe4bc13e160dc877292ee7af4a07f0de to remote] DEBUG org.asynchttpclient.netty.request.NettyRequestSender - Using open Channel [id: 0x80b28f4a, L:/127.0.0.1:55179 - R:localhost/127.0.0.1:56441] for POST '/session/fe4bc13e160dc877292ee7af4a07f0de/element/e97d9144-e72a-4290-b55a-dde092632b69/click'
18:02:32.448 [AsyncHttpClient-1-2] DEBUG org.asynchttpclient.netty.handler.HttpHandler - 

Request DefaultHttpRequest(decodeResult: success, version: HTTP/1.1)
POST /session/fe4bc13e160dc877292ee7af4a07f0de/element/e97d9144-e72a-4290-b55a-dde092632b69/click HTTP/1.1
User-Agent: selenium/4.1.3 (java windows)
Content-Length: 50
Content-Type: application/json; charset=utf-8
host: localhost:56441
accept: */*

Response DefaultHttpResponse(decodeResult: success, version: HTTP/1.1)
HTTP/1.1 200 OK
Content-Type: application/json; charset=utf-8
cache-control: no-cache
content-length: 14

18:02:32.448 [AsyncHttpClient-1-2] DEBUG org.asynchttpclient.netty.channel.ChannelManager - Adding key: http://localhost:56441 for channel [id: 0x80b28f4a, L:/127.0.0.1:55179 - R:localhost/127.0.0.1:56441]
18:02:32.461 [Forwarding findElement on session fe4bc13e160dc877292ee7af4a07f0de to remote] DEBUG org.asynchttpclient.netty.request.NettyRequestSender - Using pooled Channel '[id: 0x80b28f4a, L:/127.0.0.1:55179 - R:localhost/127.0.0.1:56441]' for 'POST' to 'http://localhost:56441/session/fe4bc13e160dc877292ee7af4a07f0de/element'
18:02:32.461 [Forwarding findElement on session fe4bc13e160dc877292ee7af4a07f0de to remote] DEBUG org.asynchttpclient.netty.request.NettyRequestSender - Using open Channel [id: 0x80b28f4a, L:/127.0.0.1:55179 - R:localhost/127.0.0.1:56441] for POST '/session/fe4bc13e160dc877292ee7af4a07f0de/element'
18:02:32.473 [AsyncHttpClient-1-2] DEBUG org.asynchttpclient.netty.handler.HttpHandler - 

Request DefaultHttpRequest(decodeResult: success, version: HTTP/1.1)
POST /session/fe4bc13e160dc877292ee7af4a07f0de/element HTTP/1.1
User-Agent: selenium/4.1.3 (java windows)
Content-Length: 203
Content-Type: application/json; charset=utf-8
host: localhost:56441
accept: */*

Response DefaultHttpResponse(decodeResult: success, version: HTTP/1.1)
HTTP/1.1 200 OK
Content-Type: application/json; charset=utf-8
cache-control: no-cache
content-length: 88

18:02:32.474 [AsyncHttpClient-1-2] DEBUG org.asynchttpclient.netty.channel.ChannelManager - Adding key: http://localhost:56441 for channel [id: 0x80b28f4a, L:/127.0.0.1:55179 - R:localhost/127.0.0.1:56441]
18:02:32.476 [Forwarding clickElement on session fe4bc13e160dc877292ee7af4a07f0de to remote] DEBUG org.asynchttpclient.netty.request.NettyRequestSender - Using pooled Channel '[id: 0x80b28f4a, L:/127.0.0.1:55179 - R:localhost/127.0.0.1:56441]' for 'POST' to 'http://localhost:56441/session/fe4bc13e160dc877292ee7af4a07f0de/element/d2e4c60e-00b1-4cb4-8238-8c1c963651bc/click'
18:02:32.476 [Forwarding clickElement on session fe4bc13e160dc877292ee7af4a07f0de to remote] DEBUG org.asynchttpclient.netty.request.NettyRequestSender - Using open Channel [id: 0x80b28f4a, L:/127.0.0.1:55179 - R:localhost/127.0.0.1:56441] for POST '/session/fe4bc13e160dc877292ee7af4a07f0de/element/d2e4c60e-00b1-4cb4-8238-8c1c963651bc/click'
18:02:32.533 [AsyncHttpClient-1-2] DEBUG org.asynchttpclient.netty.handler.HttpHandler - 

Request DefaultHttpRequest(decodeResult: success, version: HTTP/1.1)
POST /session/fe4bc13e160dc877292ee7af4a07f0de/element/d2e4c60e-00b1-4cb4-8238-8c1c963651bc/click HTTP/1.1
User-Agent: selenium/4.1.3 (java windows)
Content-Length: 50
Content-Type: application/json; charset=utf-8
host: localhost:56441
accept: */*

Response DefaultHttpResponse(decodeResult: success, version: HTTP/1.1)
HTTP/1.1 200 OK
Content-Type: application/json; charset=utf-8
cache-control: no-cache
content-length: 14

18:02:32.533 [AsyncHttpClient-1-2] DEBUG org.asynchttpclient.netty.channel.ChannelManager - Adding key: http://localhost:56441 for channel [id: 0x80b28f4a, L:/127.0.0.1:55179 - R:localhost/127.0.0.1:56441]
]]></system-out>
  <system-err><![CDATA[Starting ChromeDriver 107.0.5304.62 (1eec40d3a5764881c92085aaee66d25075c159aa-refs/branch-heads/5304@{#942}) on port 56441
Only local connections are allowed.
Please see https://chromedriver.chromium.org/security-considerations for suggestions on keeping ChromeDriver safe.
ChromeDriver was started successfully.
[1672239745.714][WARNING]: This version of ChromeDriver has not been tested with Chrome version 108.
дек 28, 2022 6:02:25 PM org.openqa.selenium.remote.ProtocolHandshake createSession
INFO: Detected dialect: W3C
дек 28, 2022 6:02:25 PM org.openqa.selenium.devtools.CdpVersionFinder findNearestMatch
WARNING: Unable to find an exact match for CDP version 108, so returning the closest version found: a no-op implementation
дек 28, 2022 6:02:25 PM org.openqa.selenium.devtools.CdpVersionFinder findNearestMatch
INFO: Unable to find CDP implementation matching 108.
дек 28, 2022 6:02:25 PM org.openqa.selenium.chromium.ChromiumDriver lambda$new$3
WARNING: Unable to find version of CDP to use for . You may need to include a dependency on a specific version of the CDP using something similar to `org.seleniumhq.selenium:selenium-devtools-v86:4.1.3` where the version ("v86") matches the version of the chromium-based browser you're using and the version number of the artifact is the same as Selenium's.
]]></system-err>
</testsuite>
